20221224	12:00:58	6cacedf8-ea60-4efc-948d-b0b8f4098e68	undefined	/	undefined
20221224	12:00:58	81b78e3c-5c75-4cab-bb1e-7520461b391e	undefined	/favicon.ico	undefined
20221224	16:08:32	b1bf4fd3-8ea6-4efc-927f-1deb5eea31bc	undefined	/	undefined
20221224	16:08:41	21998e18-e418-4f8e-b579-9ab051ca5d6f	undefined	/users	undefined
20221224	16:10:04	da596f59-c226-4225-b2b2-435f9322ee1f	undefined	/	undefined
20221224	16:10:18	d599256c-7934-421a-9c20-d11dc46c91a0	undefined	/users	undefined
20221224	16:10:31	1222516f-187b-4f46-b6ae-1902217fdca6	undefined	/users	undefined
20221224	16:10:47	376395a0-cd7a-42ad-839a-7687ea7e00ef	undefined	/user	undefined
20221224	16:11:25	85de31a3-eced-44a3-968f-b3452d1f5190	undefined	/user	undefined
20221224	16:11:30	20a6d684-9470-45c1-a9f6-5083d96e3061	undefined	/users	undefined
20221224	16:14:43	2b4f68da-e9dc-49b1-91bc-6c0b4f7d1577	undefined	/users	undefined
20221224	16:21:11	4cc22662-8901-479c-abf4-1077a00314ec	undefined	/users	undefined
20221224	16:28:21	4a0b4a37-0100-44f8-bf29-3cdc5539d4f5	undefined	/	undefined
20221224	16:32:09	c94f2bcb-dbed-4594-8698-14c067cc04de	undefined	/users	undefined
20221224	16:36:55	da0bc853-1b94-478d-a6f8-232b8d876d9a	undefined	/	undefined
20221224	16:37:03	4fff912e-c24a-40fd-ab6a-8b9bd423e436	undefined	/users	undefined
20221224	16:37:15	ed0be531-94b8-457e-b8e3-732eaff3de26	undefined	/users	undefined
20221224	16:37:23	93bc04fe-e95d-4ef3-8415-fa7eddb75216	undefined	/users	undefined
20221224	16:38:27	78f830a6-7106-476d-b4f1-ee8fca9adf32	undefined	/users	undefined
20221225	12:13:47	71fe07c1-1e8f-4d52-b046-27f27af83271	undefined	/	undefined
20221225	12:14:11	9c0b8bbb-6d21-491e-9930-f7fa5491abf1	undefined	/users	undefined
20221225	12:18:25	e1fd9996-1f8e-407e-a6f8-70d48466cbfa	undefined	/users	http://localhost:3000
20221225	12:22:20	7118bf9d-9e9f-4bcd-9fe8-d61d095a3508	undefined	/users	undefined
20221225	12:22:31	1307215d-b045-444f-94bb-7e8755400af6	undefined	/users	http://localhost:3000
20221225	12:22:47	ac091149-8263-4c8d-b99c-52c0be055adb	undefined	/users	http://localhost:3000
20221225	12:32:49	ba559c3a-2f0d-47d5-a317-cd835d258455	undefined	/users	undefined
20221225	17:33:24	15428ab3-faca-4f23-89e5-fe8a3a297fd7	undefined	/users	http://localhost:3000
20221225	17:33:29	e0c9a3d6-8cfe-48e1-8999-2706e22a1067	undefined	/tasks	http://localhost:3000
20221225	17:36:36	bc4e6833-df95-41b0-8942-1482c10f9402	undefined	/tasks	http://localhost:3000
20221225	18:23:58	779c4240-dba9-4bfa-8b54-f557d8f95924	undefined	/tasks	undefined
20221225	18:27:55	4d589933-ef2d-4513-85ad-6bd37e29c8f1	undefined	/tasks	undefined
20221225	18:28:05	c755db0d-319c-495d-9f5e-4ac1ecc41cca	undefined	/tasks	undefined
20221225	18:29:21	2186291a-3af2-4f34-a964-0ad80956c4a8	undefined	/users	undefined
20221225	18:32:18	9f5d2d4c-133c-4341-8dae-8babf6ca75ce	undefined	/tasks	http://localhost:3000
20221225	18:32:22	c3e83de6-2578-46c5-b6ed-1d1d98b9fe4f	undefined	/users	http://localhost:3000
20221225	19:37:05	6bc0478e-587f-4775-8a8a-946534911066	undefined	/users	http://localhost:3000
20221225	19:40:10	9c3243ed-0df3-4bf3-bbe4-58e8b8c62321	undefined	/users	http://localhost:3000
20221225	19:40:34	52849506-b0f8-4b82-b412-27a180756fae	undefined	/tasks	http://localhost:3000
20221225	19:40:39	4aa067e7-95fe-4c35-9ca2-c0bec56ff52b	undefined	/users	http://localhost:3000
20221225	19:46:19	18859977-5406-4ff7-a638-ed4235c912dc	undefined	/users	http://localhost:3000
20221225	19:46:47	de6f3171-4711-481b-ac49-6b87de2c93fa	undefined	/users	http://localhost:3000
20221225	19:46:59	5ab19a7c-62c4-49d4-9468-dbd0fd9cbfec	undefined	/users	http://localhost:3000
20221225	19:58:27	25e144d9-f019-4c23-be2b-8f355340aace	undefined	/favicon.ico	undefined
20221225	20:31:19	18cfc84f-fcc7-49be-9b2c-b7adf0a4e9a8	undefined	/tasks	http://localhost:3000
20221225	21:04:04	73fcb506-6215-4348-bf5b-dbb25aa79cca	undefined	/tasks	http://localhost:3000
20221225	21:04:04	df4e6ed5-2268-4b40-a8c0-7a1a8d1f4643	undefined	/users	http://localhost:3000
20221226	11:08:09	0e4a1675-d8c2-43c5-a4e4-5a073f7496ac	undefined	/users	http://localhost:3000
20221226	11:08:09	b95b461f-154b-48a2-b5d1-c8014016687b	undefined	/tasks	http://localhost:3000
20221226	11:08:48	4e8bc992-b87f-40cc-84be-364f4c942072	undefined	/tasks	http://localhost:3000
20221226	11:09:53	1ad6df86-9cb8-4166-9a87-078fe86a7908	undefined	/tasks	http://localhost:3000
20221226	11:10:01	a5f343b5-7d86-40a4-ab20-63e0e87f0dd2	undefined	/tasks	http://localhost:3000
20221226	11:11:23	3dfe06df-96c7-4142-927e-cf3defdd914b	undefined	/tasks	http://localhost:3000
20221226	11:15:57	d24c0099-c873-449f-ac5f-fd901834765b	undefined	/users	http://localhost:3000
20221226	11:15:57	13162077-5623-4af0-b327-8f59c0bc57cf	undefined	/users	http://localhost:3000
20221226	11:17:55	ddd15240-650d-48aa-aa05-d37bba6d560c	undefined	/users	undefined
20221226	11:20:09	ede4bc52-107d-4d9a-8c09-3ae9ed8af0a6	undefined	/tasks	http://localhost:3000
20221226	11:20:09	103472f9-2153-4cdc-8d00-b0cc651bcbf7	undefined	/users	http://localhost:3000
20221226	11:24:58	94ebc457-12e1-45ba-92e3-aa4cdb57cba5	undefined	/tasks	http://localhost:3000
20221226	11:24:58	5005b5e0-2b84-493a-9d17-4d7262db06bc	undefined	/tasks	http://localhost:3000
20221226	11:24:59	18d04480-6f3c-4a62-bf85-9aefc5999dfa	undefined	/tasks	http://localhost:3000
20221226	11:25:14	7d0f85e9-9594-41cc-be74-829dfc68536c	undefined	/tasks	http://localhost:3000
20221226	11:25:34	c68364a7-4f60-4a72-92e0-fe934e1919f4	undefined	/tasks	http://localhost:3000
20221226	11:25:34	d99e8ccc-c3c7-4a9f-bcbc-37abfc7d38ed	undefined	/tasks	http://localhost:3000
20221226	11:25:34	a0ab4a56-18dd-48af-ae91-c86bb8643914	undefined	/tasks	http://localhost:3000
20221226	11:25:45	c4fa42ed-aa0c-4b0e-93ea-85297d896991	undefined	/tasks	http://localhost:3000
20221226	11:25:45	8a9fe19c-49ed-41b3-8628-6af7005b30e2	undefined	/tasks	http://localhost:3000
20221226	11:25:45	c91d618a-8577-4a61-b82a-35e77a375e65	undefined	/tasks	http://localhost:3000
20221226	11:25:59	36d37a7e-0c3e-4237-8bdf-e6da7f4040b2	undefined	/tasks	http://localhost:3000
20221226	11:26:15	d7d897fe-3f53-4c6f-ad83-4eee4fbe8ac1	undefined	/tasks	http://localhost:3000
20221226	11:26:31	583a62dd-554b-4414-9895-b3f2e0e894f2	undefined	/tasks	http://localhost:3000
20221226	11:26:47	12da642d-621f-45a8-b606-95913bdc4420	undefined	/tasks	http://localhost:3000
20221226	11:27:03	9d90d23c-8ca6-4960-a5e5-a8af59fcedb8	undefined	/tasks	http://localhost:3000
20221226	11:27:19	de4b6c7b-5f42-44b7-aa56-096462a7d318	undefined	/tasks	http://localhost:3000
20221226	11:27:35	6f4032d3-62e1-48b9-ac4f-35f0be315a9a	undefined	/tasks	http://localhost:3000
20221226	11:27:51	e835f4c7-2c0d-4428-85f5-9b891cef9a41	undefined	/tasks	http://localhost:3000
20221226	11:28:07	57d07ee1-080d-474f-967c-cb0ef14e596c	undefined	/tasks	http://localhost:3000
20221226	11:28:23	2d5cae44-ae77-4b57-8308-31d928ef9d86	undefined	/tasks	http://localhost:3000
20221226	11:28:39	4eb11009-28dc-4656-b23e-c7badd6f0a63	undefined	/tasks	http://localhost:3000
20221226	11:28:55	4eccf66f-e1a2-472e-8b20-9b947618e3ab	undefined	/tasks	http://localhost:3000
20221226	11:29:11	efe2979d-191a-441b-a7bb-41de55e2777f	undefined	/tasks	http://localhost:3000
20221226	11:29:27	a0003e5f-2552-4e25-88c4-4bec2a340883	undefined	/tasks	http://localhost:3000
20221226	11:29:43	94e935c8-16c2-474b-a0c9-82c7c4c24d47	undefined	/tasks	http://localhost:3000
20221226	11:29:59	457fd2e1-327b-4752-8333-67df12547fc0	undefined	/tasks	http://localhost:3000
20221226	11:30:15	f0ef3428-f01d-4052-9d38-fe201e164e48	undefined	/tasks	http://localhost:3000
20221226	11:30:31	85c5afc3-4e09-4b0f-8e2b-ba7461fc8ed5	undefined	/tasks	http://localhost:3000
20221226	11:30:47	dd69bff4-665b-4079-9fa6-535471a64910	undefined	/tasks	http://localhost:3000
20221226	11:31:03	1f77439b-e60c-4bd2-ba6c-188c1158a9e8	undefined	/tasks	http://localhost:3000
20221226	11:31:19	961c9dca-26de-4e79-a852-86e9326a5e29	undefined	/tasks	http://localhost:3000
20221226	11:31:35	19c4ffa9-276d-4ffc-b00b-7e712c4169e3	undefined	/tasks	http://localhost:3000
20221226	11:31:51	8d2d7f93-8b44-4b27-84c9-e62cf6860342	undefined	/tasks	http://localhost:3000
20221226	11:32:04	f8bb44a3-8c53-4ebb-91e1-7725b30b0265	undefined	/users	undefined
20221226	11:32:07	a180be51-8ddf-4287-90b9-3162b8eeb7b3	undefined	/tasks	http://localhost:3000
20221226	11:32:14	a778f206-3748-4f99-8f36-1e2a850c882a	undefined	/tasks	undefined
20221226	11:32:23	f19534d6-45ea-47b8-b9f1-f934ff799853	undefined	/tasks	http://localhost:3000
20221226	11:32:39	03d0a2e4-486d-429d-8880-03358fc0c141	undefined	/tasks	http://localhost:3000
20221226	11:32:55	6d3ce9c8-9709-4a6a-8be3-c06a473902b3	undefined	/tasks	http://localhost:3000
20221226	11:33:11	91197532-21e9-4137-b828-9dc1c660a1c3	undefined	/tasks	http://localhost:3000
20221226	11:33:27	94293560-2fbe-4413-9539-a4d923c12730	undefined	/tasks	http://localhost:3000
20221226	11:33:43	8cee8955-71b7-4959-b359-4090daf8b709	undefined	/tasks	http://localhost:3000
20221226	11:33:59	1504797a-b9a6-4914-a683-cba8e3b3ceaa	undefined	/tasks	http://localhost:3000
20221226	11:34:15	2fb03042-e0dd-4045-9e38-de468a93b9f7	undefined	/tasks	http://localhost:3000
20221226	11:34:31	00c421bd-17c8-4ad2-bea4-dce604577857	undefined	/tasks	http://localhost:3000
20221226	11:34:47	42baa1c1-f52c-4d7a-8110-d5a2d1f8eb76	undefined	/tasks	http://localhost:3000
20221226	11:35:03	c6f4228e-78ae-4afc-b679-e2800991c7e4	undefined	/tasks	http://localhost:3000
20221226	11:35:19	1a8a5919-9086-4065-98f5-d6d428a7e68b	undefined	/tasks	http://localhost:3000
20221226	11:35:35	3ef579a7-da16-4c5f-9bde-f841345be516	undefined	/tasks	http://localhost:3000
20221226	11:35:51	a9ff78c3-5b51-4d83-bfd3-f25f0f0a088d	undefined	/tasks	http://localhost:3000
20221226	11:35:55	5699abb4-e429-4ae0-aa40-0ea91f188fcd	undefined	/tasks	http://localhost:3000
20221226	11:36:06	1ae24c35-c1d7-46a9-83bd-11668ddb1443	undefined	/tasks	http://localhost:3000
20221226	11:37:48	0701d2d7-0112-4820-a7d0-6447ea7249e8	undefined	/tasks	http://localhost:3000
20221226	12:08:58	6b6daa84-dd83-4b6c-bfa0-b931898999bd	undefined	/tasks	http://localhost:3000
20221226	12:09:13	e892f5ef-230e-4972-a557-1b4b80cf9e3c	undefined	/tasks	http://localhost:3000
20221226	12:09:28	7bdbbdc9-9900-48b6-8238-1c8ddd3757b8	undefined	/tasks	http://localhost:3000
20221226	12:09:33	5fdceeda-ff33-436c-856f-2dc466cbca1a	undefined	/tasks	http://localhost:3000
20221226	12:09:42	9d37eff6-255c-4e1d-be29-ba60ed80e47c	undefined	/users	http://localhost:3000
20221226	12:10:02	ea41b5f8-9b74-4a69-9c35-8d389e1662d3	undefined	/tasks	http://localhost:3000
20221226	12:15:50	248299c1-2adb-40f6-814c-a02590a697b1	undefined	/tasks	http://localhost:3000
20221226	12:15:54	7a660089-d472-4d0a-b1f8-588912a9d308	undefined	/tasks	http://localhost:3000
20221226	12:16:04	dc265b30-9944-4ee9-9743-500325da6219	undefined	/users	http://localhost:3000
20221226	12:16:44	39286a5e-83d0-41fa-9618-c4a0ec5d9b9e	undefined	/users	http://localhost:3000
20221226	12:17:45	1f43eb94-df68-49f5-b1a4-4ccbbdf73d9d	undefined	/users	http://localhost:3000
20221226	12:18:46	440380f6-4936-4647-a5d4-f3750f798923	undefined	/users	http://localhost:3000
20221226	12:19:47	b79355de-cd35-42c9-8bab-c9a0b383f7f4	undefined	/users	http://localhost:3000
20221226	12:20:48	4635121c-6a7a-432c-b16c-0718f1755a1e	undefined	/users	http://localhost:3000
20221226	12:21:49	26276f95-d9d1-4142-af1a-887389dd7d28	undefined	/users	http://localhost:3000
20221226	12:22:23	cde34ac0-a1fc-48af-9474-1f273e91a133	undefined	/users	http://localhost:3000
20221226	12:22:31	397edd0f-7326-4277-b0d2-73ec66b47ff0	undefined	/users	http://localhost:3000
20221226	12:22:44	198dcbd0-6400-46b0-ae6f-42a855af5a54	undefined	/tasks	http://localhost:3000
20221226	12:23:03	bc2ab92a-e343-427b-b0b3-6b15ca6f25b4	undefined	/users	http://localhost:3000
20221226	12:23:28	51886714-0fe9-42a9-8eb1-384a88c16db6	undefined	/users	http://localhost:3000
20221226	12:23:32	c8993abd-7442-4561-bb09-1270e7f5d756	undefined	/users	http://localhost:3000
20221226	12:23:41	a9cea08b-cabd-4fa3-b269-ddae66c91900	undefined	/users	http://localhost:3000
20221226	12:24:37	21ebc2f9-55a1-41e7-ad52-be094814a010	undefined	/users	http://localhost:3000
20221226	12:24:39	f962df4b-3a9a-4905-9798-47c607a20353	undefined	/users	http://localhost:3000
20221226	12:25:39	78ae6d94-2ebe-45e7-a6dd-0d9a0fc35bee	undefined	/users	http://localhost:3000
20221226	12:26:39	3b588f02-51bb-4db3-a09d-38ec8721894d	undefined	/users	http://localhost:3000
20221226	12:27:39	35ab0a3c-518a-4454-ba6f-89b0342b8e9c	undefined	/users	http://localhost:3000
20221226	12:28:20	1ecfbfbb-89b9-4392-8b4d-6e58c677371a	undefined	/users	http://localhost:3000
20221226	12:29:21	39e3928e-9d9a-4f47-9dce-9b92a77fa956	undefined	/users	http://localhost:3000
20221226	12:30:22	73e1a8b1-badb-4de2-8819-389efcd99d70	undefined	/users	http://localhost:3000
20221226	12:31:23	20ca1cf8-d172-47cd-88ca-dd6f3a3a7161	undefined	/users	http://localhost:3000
20221226	12:32:24	4859810a-9ec0-46b9-93aa-90cbcc44fda1	undefined	/users	http://localhost:3000
20221226	12:33:25	02f69336-31a2-403c-b218-80307680054a	undefined	/users	http://localhost:3000
20221226	12:48:06	9043a7de-4106-4976-ba8a-ac59285811d3	undefined	/users	http://localhost:3000
20221226	12:49:07	f9e133b9-f8dd-4448-a971-7c7029118330	undefined	/users	http://localhost:3000
20221226	12:50:10	437d2f02-6e78-4155-81e2-0fed0a5468b3	undefined	/users	http://localhost:3000
20221226	12:51:11	befa28b2-d9c9-47cf-9300-4cf61e531db0	undefined	/users	http://localhost:3000
20221227	01:47:19	75b8eca3-8258-4d65-ac39-4e92f6cbfdbf	undefined	/auth	undefined
20221227	01:51:00	124f4f61-a72f-4a8a-a800-5a4f6d883512	undefined	/users	http://localhost:3000
20221227	01:51:27	b12224b2-2523-4201-86a2-2e466ff97e17	undefined	/auth	undefined
20221227	01:55:52	618ed15f-2103-45a4-993f-551e93c865a2	undefined	/users	undefined
20221227	01:56:13	46a7be23-bf49-4b52-b9db-2b43ddb2b42e	undefined	/users	http://localhost:3000
20221227	01:56:48	8c9f2ece-6d4c-446e-a892-3091b60b3b88	undefined	/users	undefined
20221227	01:57:14	af69c2b6-345c-4fb8-902c-8c8a172d37da	undefined	/users	http://localhost:3000
20221227	01:57:23	387fa0ed-4a9f-4bc4-8bdc-dc607621037c	undefined	/auth	undefined
20221227	02:14:01	a31effa4-eb79-447c-b558-8f283c73c8e9	undefined	/users	http://localhost:3000
20221227	02:14:10	3bd6ef90-6a38-49fc-aa70-ef998415e928	undefined	/auth	undefined
20221227	02:16:58	bde6cc6b-4306-416b-95ad-c6ad85f65f40	undefined	/tasks	http://localhost:3000
20221227	02:17:14	3f32b5b1-2462-4772-bd5a-d5e91e4e4d9b	undefined	/tasks	http://localhost:3000
20221227	02:17:29	94956884-5380-4074-b0fc-b9f07e90de48	undefined	/tasks	http://localhost:3000
20221227	02:17:44	bec9a71b-ed8f-4289-8b7c-d6892dee5c56	undefined	/tasks	http://localhost:3000
20221227	02:17:59	5ccedec9-48ff-4463-a4d8-031b661b08cd	undefined	/tasks	http://localhost:3000
20221227	02:18:14	ff0410ab-e179-4740-a518-5f64409b5a79	undefined	/tasks	http://localhost:3000
20221227	02:18:29	9b4831d5-351b-4cb7-b6af-b4007a5ccfa6	undefined	/tasks	http://localhost:3000
20221227	02:18:34	1307e30a-2530-4a21-9ff6-e84cff9e0e13	undefined	/tasks	http://localhost:3000
20221227	02:18:50	90101960-6fb2-4b20-adea-30216e9d744e	undefined	/tasks	http://localhost:3000
20221227	02:19:06	d66dfa40-968b-4a74-bdd4-3585253e4f2f	undefined	/tasks	http://localhost:3000
20221227	02:19:22	5c74cf34-6936-409d-b180-fd8f503f017d	undefined	/tasks	http://localhost:3000
20221227	02:19:38	1e08adc4-5be5-432c-b024-3abb3a9f7c5a	undefined	/tasks	http://localhost:3000
20221227	02:19:54	2fcd8de1-050e-407a-a0ce-20b27f342282	undefined	/tasks	http://localhost:3000
20221227	02:20:10	cc56284b-769d-418a-9072-8603ca9c9342	undefined	/tasks	http://localhost:3000
20221227	02:20:26	a80b1e67-5aed-4a58-af68-c82fae09c1ea	undefined	/tasks	http://localhost:3000
20221227	02:20:42	edfeefed-f11f-4c5a-bfd5-3571475c1f0f	undefined	/tasks	http://localhost:3000
20221227	02:20:58	0881a1fc-dca6-42d6-b4a6-b978e78f6fb6	undefined	/tasks	http://localhost:3000
20221227	02:21:14	4973f181-344b-4579-8e48-fb7e507600d3	undefined	/tasks	http://localhost:3000
20221227	02:21:30	a6115f9c-5503-495a-a575-7020df8fba25	undefined	/tasks	http://localhost:3000
20221227	02:21:46	7755ccfb-07da-433c-889d-4df607eb22dc	undefined	/tasks	http://localhost:3000
20221227	02:22:02	14cb5285-2ab5-463d-be54-967e3de26ffd	undefined	/tasks	http://localhost:3000
20221227	02:22:18	f30625de-fb31-4f79-ace6-c025434e6ba1	undefined	/tasks	http://localhost:3000
20221227	02:22:34	fa3bdc82-a07f-478b-9d57-c098276325fe	undefined	/tasks	http://localhost:3000
20221227	02:22:50	94c39652-5197-405e-abd4-47fa53805762	undefined	/tasks	http://localhost:3000
20221227	02:23:06	3e934ada-c3b4-4e3e-98dc-8dee643b2274	undefined	/tasks	http://localhost:3000
20221227	02:23:22	824773c2-ec71-4448-aa2c-220e87a0f305	undefined	/tasks	http://localhost:3000
20221227	02:23:23	b67cbab0-194d-4d7a-a10f-e0f53e0c6b03	undefined	/auth/refresh	undefined
20221227	02:23:38	3a593be1-eae1-44ed-bf06-baaaf2b380cd	undefined	/tasks	http://localhost:3000
20221227	02:23:40	41b15d53-eccb-4c0c-91e9-fc9147252c99	undefined	/auth/refresh	undefined
20221227	02:23:54	5408f3de-5860-4d37-93b5-9e804cc6c00b	undefined	/tasks	http://localhost:3000
20221227	02:24:10	12ba9f95-849c-4a72-80e1-7f699e94e33d	undefined	/tasks	http://localhost:3000
20221227	02:24:26	17cbc89f-9c63-4a65-8cf9-7abee74b854a	undefined	/tasks	http://localhost:3000
20221227	02:24:42	46da1ef4-1eb3-4db2-ad3a-5f822cfeab2b	undefined	/tasks	http://localhost:3000
20221227	02:24:58	350ee4ad-544f-425a-b59b-6a5571a89489	undefined	/auth	undefined
20221227	02:36:49	1a97d8f5-0584-42e2-8ae5-e6990c187e9f	undefined	/auth	undefined
20221227	02:38:08	a797d125-267f-45cf-b64b-b0130f82a189	undefined	/auth	undefined
20221227	02:38:10	a3a091b8-577c-4837-920a-34d158eda252	undefined	/tasks	http://localhost:3000
20221227	02:38:26	9c894a54-bbe8-46d7-9ff2-5380192fe7ee	undefined	/tasks	http://localhost:3000
20221227	02:38:42	b220d4d5-9b52-4b5c-9f67-caaf7a16d28a	undefined	/tasks	http://localhost:3000
20221227	02:38:58	a6418c01-cc2b-4789-8d77-14fdfa5a88a5	undefined	/tasks	http://localhost:3000
20221227	02:39:14	c97a99c6-fa10-49df-b96b-b30a84c29466	undefined	/tasks	http://localhost:3000
20221227	02:39:30	c5569730-1bcc-466c-8c33-5b5e26ac4307	undefined	/tasks	http://localhost:3000
20221227	02:39:46	864a4af6-6447-4ace-b379-aab44396fc41	undefined	/tasks	http://localhost:3000
20221227	02:39:54	7d971a1b-8088-4ea1-b179-d49b22cd7beb	undefined	/auth	undefined
20221227	02:42:08	3461d08b-608b-4500-a252-51f3280d0429	undefined	/tasks	http://localhost:3000
20221227	02:42:11	b1018e33-a224-4502-af11-babba7b5c16d	undefined	/auth	undefined
20221227	02:42:24	7fbc4a4e-fddd-4cf0-a718-840c7c1be996	undefined	/tasks	http://localhost:3000
20221227	02:42:40	a0688b00-8e1a-4e3b-912a-06421e68d9b0	undefined	/tasks	http://localhost:3000
20221227	02:42:56	6e1e1bd1-d91e-407d-b1ef-80eb9ff83c32	undefined	/tasks	http://localhost:3000
20221227	02:43:12	5f8c3413-4e3e-4744-93f8-f047681a2446	undefined	/tasks	http://localhost:3000
20221227	02:43:28	98703716-39fa-4f1b-8a59-66c5fb13b9b5	undefined	/tasks	http://localhost:3000
20221227	02:43:44	cfae6106-c9a5-48ef-baa0-7e842a803bdb	undefined	/tasks	http://localhost:3000
20221227	02:44:00	7a146688-38d2-4ad5-bbb7-9b7ef1d92a5a	undefined	/tasks	http://localhost:3000
20221227	02:44:16	96ba1445-aac2-4792-9702-7b76f7c00efb	undefined	/tasks	http://localhost:3000
20221227	02:44:32	e64acc45-7a44-4f4b-bb18-503ddf5524dd	undefined	/tasks	http://localhost:3000
20221227	02:44:48	36ea5734-7387-4a58-b5fb-8cd9885687c4	undefined	/tasks	http://localhost:3000
20221227	02:45:04	bffe2678-00a8-4be2-8417-d2e8d85ff9ed	undefined	/tasks	http://localhost:3000
20221227	02:45:20	81bbb064-2dfe-446e-9d4f-99157f61f4f4	undefined	/tasks	http://localhost:3000
20221227	02:45:36	4c3733d3-c5fd-4a6b-8857-5d925635753b	undefined	/tasks	http://localhost:3000
20221227	02:45:52	e1f2f402-016d-4796-a3f6-c51237e99797	undefined	/tasks	http://localhost:3000
20221227	02:46:08	b7b50696-ab9d-416c-9937-cbc03b3e5760	undefined	/tasks	http://localhost:3000
20221227	02:46:24	a8d8d57f-167c-4641-bf72-4245a9e13592	undefined	/tasks	http://localhost:3000
20221227	02:46:40	2b48b096-48da-4426-9d42-b82f488638ff	undefined	/tasks	http://localhost:3000
20221227	02:46:56	95d87dc7-8aad-4f75-8947-b50a12c0985d	undefined	/tasks	http://localhost:3000
20221227	02:47:12	59eff661-1d2b-4afc-a7b2-56ff307fff85	undefined	/tasks	http://localhost:3000
20221227	02:47:28	182be02f-044f-4ab3-9483-4d10dc156af7	undefined	/tasks	http://localhost:3000
20221227	02:47:44	9de44291-6504-465e-9c6c-0c489e49ad18	undefined	/tasks	http://localhost:3000
20221227	02:48:00	8a5929cb-e1b2-4706-b25e-d6fcd0c63767	undefined	/tasks	http://localhost:3000
20221227	02:48:16	8d2a85e3-ec7b-422a-b373-aa2485145499	undefined	/tasks	http://localhost:3000
20221227	02:48:32	3c93f097-e062-42e7-a120-c096048e68bc	undefined	/tasks	http://localhost:3000
20221227	02:48:48	b1d21103-4d7e-41d2-b120-09599e6c96ae	undefined	/tasks	http://localhost:3000
20221227	02:49:04	0f524544-d21e-454f-afe6-3e7e72c0ca1b	undefined	/tasks	http://localhost:3000
20221227	02:49:20	c7934aa3-a099-4535-a3bf-d1f875c426f5	undefined	/tasks	http://localhost:3000
20221227	02:49:36	e473f5c6-fc99-439d-bd26-dcba5f29ebab	undefined	/tasks	http://localhost:3000
20221227	02:49:52	a2ad1664-ff57-4774-8793-ca69d0278eb2	undefined	/tasks	http://localhost:3000
20221227	02:50:02	0dc66706-1ec1-46fc-bfa5-3b685dafd9cc	undefined	/auth	undefined
20221227	02:50:26	4a58eae8-2e23-45ba-bb28-3a110868524b	undefined	/tasks	http://localhost:3000
20221227	02:50:42	2723d418-8651-46ec-88a8-9dfdeff19a42	undefined	/tasks	http://localhost:3000
20221227	02:50:58	58aa3f37-a8a9-4311-9c11-67b45cda2829	undefined	/tasks	http://localhost:3000
20221227	02:51:14	0e8eef2d-aa1f-415c-a33d-eee9797571eb	undefined	/tasks	http://localhost:3000
20221227	02:51:30	34861b42-f10f-4c8f-9fee-511b5db6acf2	undefined	/tasks	http://localhost:3000
20221227	02:51:46	f81bd8f5-ef14-48de-997e-f97b49c5c984	undefined	/tasks	http://localhost:3000
20221227	02:52:02	57173d19-94d0-4b1a-a1ba-fb8beb1c06e8	undefined	/tasks	http://localhost:3000
20221227	02:52:18	6266c719-de89-4ab2-85b5-4d86b502f8b4	undefined	/tasks	http://localhost:3000
20221227	02:52:34	3929ab6e-50f9-4c0a-bc23-08201207c4e3	undefined	/tasks	http://localhost:3000
20221227	02:52:50	bb59459d-423e-4a82-bc2c-0303f2e5f1c2	undefined	/tasks	http://localhost:3000
20221227	02:53:06	36e045d6-5207-451c-9465-f7f85400c375	undefined	/tasks	http://localhost:3000
20221227	02:53:22	564cbea9-d679-444a-90a3-b8191b35eafc	undefined	/tasks	http://localhost:3000
20221227	02:53:38	64f06463-78f1-4d3c-bfe3-ff085a94df1d	undefined	/tasks	http://localhost:3000
20221227	02:53:54	d16b9e14-871b-4225-a3b3-b11c260cd0dc	undefined	/tasks	http://localhost:3000
20221227	02:54:10	830a2e8e-5274-4890-84fe-ce316c93213e	undefined	/tasks	http://localhost:3000
20221227	02:54:26	eea29044-7d59-4510-9d2e-0fdfb7d830c7	undefined	/tasks	http://localhost:3000
20221227	02:54:42	da7b04b4-0b35-4213-9640-1057e3bd3e06	undefined	/tasks	http://localhost:3000
20221227	02:54:58	2f8dae71-da74-42c9-930e-a8d25736b05b	undefined	/tasks	http://localhost:3000
20221227	02:55:14	6d1e489b-0591-4625-b558-b85bf895481f	undefined	/tasks	http://localhost:3000
20221227	02:55:24	c7153348-65d5-4307-99d9-47f54bd8bc83	undefined	/auth	undefined
20221227	02:55:30	5f95de28-83db-4427-abac-c8b244b2fbac	undefined	/tasks	http://localhost:3000
20221227	02:55:31	5b2d5484-8315-4571-8b61-94dfeee2d507	undefined	/auth	undefined
20221227	02:59:24	b834ac88-73bb-45be-b795-36df6191bba4	undefined	/tasks	http://localhost:3000
20221227	02:59:28	3b2e349d-91ae-431c-88e2-104580e6a35c	undefined	/auth	undefined
20221227	03:00:38	9e0fd994-453a-4fbd-9f6f-046cd01c941c	undefined	/auth	undefined
20221227	03:01:26	2a800b68-f9d7-4043-8d4b-6bf23327c8bb	undefined	/auth	undefined
20221227	03:01:27	f20fee7b-edfc-4188-8021-1859ac0b5dc6	undefined	/tasks	http://localhost:3000
20221227	03:01:34	ba30eb5a-1a1f-4c29-84a6-3e7b76efa5fa	undefined	/auth	undefined
20221227	03:01:43	b6e6939d-e889-402d-a1e3-8e438f48c60b	undefined	/tasks	http://localhost:3000
20221227	03:01:59	776e803f-6372-48c6-ac11-b1ed2276aaac	undefined	/tasks	http://localhost:3000
20221227	03:02:07	025c9f0e-fb02-4203-8e1d-5a0c5d5c6611	undefined	/auth	undefined
20221227	03:02:15	ac5cd5d9-2099-4306-b949-c03c37fdfc6b	undefined	/tasks	http://localhost:3000
20221227	03:02:31	8875e37f-885f-4bdd-82c0-b55a5634773b	undefined	/tasks	http://localhost:3000
20221227	03:02:47	a190380b-ac97-44c3-87c9-fe4fa68b6229	undefined	/tasks	http://localhost:3000
20221227	03:03:03	88f08cc7-d23a-4814-95e4-47cc05725b15	undefined	/tasks	http://localhost:3000
20221227	03:03:19	74d44f7a-1ca7-4d33-8c67-9c1b99b6899e	undefined	/tasks	http://localhost:3000
20221227	03:03:35	64938d42-47d5-47ba-87a3-6ae72587530f	undefined	/tasks	http://localhost:3000
20221227	03:03:51	e20339a1-ab8a-434c-a691-ad8bf324a9f7	undefined	/tasks	http://localhost:3000
20221227	03:04:07	bd4a8852-0283-4d4d-88a4-b2a246da3376	undefined	/tasks	http://localhost:3000
20221227	03:04:23	3c14a327-e840-40bd-b3ac-f2383722054f	undefined	/tasks	http://localhost:3000
20221227	03:04:39	7cc862c0-bf80-4890-b965-7c2810cf4ecf	undefined	/tasks	http://localhost:3000
20221227	03:04:55	781a0157-3eb4-4e04-a73e-f91272772d5a	undefined	/tasks	http://localhost:3000
20221227	03:05:11	a86a66bc-a160-4cb5-a438-c80c0ac32405	undefined	/tasks	http://localhost:3000
20221227	03:05:27	cf5d9f42-b32c-4fe3-b90b-9937e56279e6	undefined	/tasks	http://localhost:3000
20221227	03:05:32	f405ca77-5785-4fa8-80a8-301510a2a3e1	undefined	/auth	undefined
20221227	03:05:43	11dabc6e-d861-4f29-8262-35add4abbd8c	undefined	/tasks	http://localhost:3000
20221227	03:05:54	3366086c-8996-4dfd-89d4-5f7da0181184	undefined	/auth	undefined
20221227	03:05:59	3309c0c2-f791-4528-8429-f101118865e8	undefined	/tasks	http://localhost:3000
20221227	03:06:15	d8edd517-20d2-4ab4-930c-24dff448cf94	undefined	/tasks	http://localhost:3000
20221227	03:06:31	8caf8232-be02-4b4c-9dfe-b6d6c1cdd1c7	undefined	/tasks	http://localhost:3000
20221227	03:06:47	0b50baac-2ccf-47b0-adb2-1a5d14b56cb3	undefined	/tasks	http://localhost:3000
20221227	03:07:03	5bd5e48e-6a9e-428a-b89f-1549ee078a12	undefined	/tasks	http://localhost:3000
20221227	03:07:19	23c64558-6ecb-4a11-b589-5d477212f0a9	undefined	/tasks	http://localhost:3000
20221227	03:07:35	d4e9ed11-ae70-458c-ac16-61b34c537fd7	undefined	/tasks	http://localhost:3000
20221227	03:07:51	5ff5734c-e73a-4da7-b1dc-48d060327599	undefined	/tasks	http://localhost:3000
20221227	03:08:07	49f1a86e-3dba-4665-835b-509aa9d3287b	undefined	/tasks	http://localhost:3000
20221227	03:08:24	4f0de31f-2b56-4d73-a15a-449977395124	undefined	/tasks	http://localhost:3000
20221227	03:08:31	75b4196a-b8d3-41d7-b88e-128ba0589ab0	undefined	/auth	undefined
20221227	03:08:40	dc912b3e-32f0-4b8b-8543-71e957a433d3	undefined	/tasks	http://localhost:3000
20221227	03:08:56	9d3fb4f9-a996-4dd7-884b-8a8751bf0ba2	undefined	/tasks	http://localhost:3000
20221227	03:09:12	274f45cb-bbd8-45a4-ae00-8501bdf7d9c5	undefined	/tasks	http://localhost:3000
20221227	03:09:28	a9395a85-f78f-49cf-9cff-90a246d70a98	undefined	/tasks	http://localhost:3000
20221227	11:13:49	9b164d7e-921a-422b-bbe8-1674e657229e	undefined	/tasks	http://localhost:3000
20221227	11:13:56	59a04035-e780-4e19-afb6-a774859b50c4	undefined	/auth	undefined
20221227	11:14:05	35696f16-7e0a-422b-8001-bc4dbaa281f2	undefined	/tasks	http://localhost:3000
20221227	11:14:21	9cc676b7-5ca2-48c5-a823-2c1b5ff99b91	undefined	/tasks	http://localhost:3000
20221227	11:14:33	ff92de74-5b10-4a30-97b3-523934dacd62	undefined	/auth	undefined
20221227	11:14:37	89d23f3e-567a-42f2-ae22-19b11e0609f4	undefined	/tasks	http://localhost:3000
20221227	11:14:53	ea61b670-3267-4d08-b9c9-87e8957cfaba	undefined	/tasks	http://localhost:3000
20221227	11:15:08	7edfec1c-7108-4366-9376-cc6c5b16f31f	undefined	/auth	undefined
20221227	11:15:09	0bbb3cb4-89bf-4706-b131-c098a9c1ed7c	undefined	/tasks	http://localhost:3000
20221227	11:15:17	9b1bec1c-fd41-4dfa-9276-47c70f7a5ff0	undefined	/users	undefined
20221227	11:26:13	e8d72de3-6c08-4409-8a3c-225082f7232f	undefined	/tasks	http://localhost:3000
20221227	11:26:29	4139e2ae-50e9-4a23-b0d0-f85eb00d554d	undefined	/tasks	http://localhost:3000
20221227	11:26:45	efe595b8-7250-4299-b39e-40e2fc597008	undefined	/tasks	http://localhost:3000
20221227	11:26:55	417393f6-725f-4442-a18b-fdefa18c8f63	undefined	/users	undefined
20221227	11:27:01	caac9935-11f2-466a-9fde-12ebc0e7a2e1	undefined	/tasks	http://localhost:3000
20221227	11:27:17	d1584850-acb5-4879-a1d7-354d15c4c6c9	undefined	/tasks	http://localhost:3000
20221227	11:27:25	5591869e-47f9-4172-afd5-84c795b82a47	undefined	/auth	undefined
20221227	11:27:33	b116e22a-6ba1-4b4b-b500-1ec62e3ae1e4	undefined	/tasks	http://localhost:3000
20221227	11:27:49	ee8e406b-4d48-4315-8e22-a6676f6d021e	undefined	/tasks	http://localhost:3000
20221227	11:27:52	5317e0e5-808c-4e68-81c4-396ca624c0db	undefined	/auth	undefined
20221227	11:28:05	263d20cf-eccd-46a8-bc24-b95fadd471e2	undefined	/tasks	http://localhost:3000
20221227	11:28:21	88c79ab9-e014-4835-ae81-affc20eb0f97	undefined	/tasks	http://localhost:3000
20221227	11:28:37	f7560f78-ca78-4650-bdf7-fb9483a8c7e1	undefined	/tasks	http://localhost:3000
20221227	11:28:53	0b3e7d29-9156-4717-b5f4-6b39c6ed7d96	undefined	/tasks	http://localhost:3000
20221227	11:29:09	85ec4ca0-22ba-4efd-9666-75bb98344a9a	undefined	/tasks	http://localhost:3000
20221227	11:29:25	1f1fe4e8-7df7-4b28-9438-00144926c5fb	undefined	/tasks	http://localhost:3000
20221227	11:29:41	a68b430f-b464-4bbd-a629-e60d6a77955e	undefined	/tasks	http://localhost:3000
20221227	11:29:57	cc4d1ea7-256b-4f0d-a6e4-bd784fc65788	undefined	/tasks	http://localhost:3000
20221227	11:30:13	55e57782-cd3c-4599-8582-0ada0d2f83e2	undefined	/tasks	http://localhost:3000
20221227	11:30:29	6cfbc23b-84e5-4f04-b96a-c0ecd43b0fc7	undefined	/tasks	http://localhost:3000
20221227	11:30:45	88b6eedb-33f0-44b9-9150-715fe95d4c52	undefined	/tasks	http://localhost:3000
20221227	11:31:01	9ef78cfa-7c4e-4a37-abe5-eefb262d23ee	undefined	/tasks	http://localhost:3000
20221227	11:31:08	33390e7b-5cbd-4f7a-bced-afc2bd4ea127	undefined	/auth	undefined
20221227	11:31:17	9f823fb3-ea93-44d5-9f63-4ff0b481d21e	undefined	/tasks	http://localhost:3000
20221227	11:31:19	5cd72c63-3cbf-4457-8e3b-9c8114646ffb	undefined	/auth	undefined
20221227	11:31:33	76a2be33-4833-49d6-ab29-3cb63d31bf2d	undefined	/tasks	http://localhost:3000
20221227	11:31:49	acfdb585-c664-49d3-820f-57e7d25d8a30	undefined	/tasks	http://localhost:3000
20221227	11:32:05	38980bc8-e5ff-4ff6-bc8e-f61baaccea67	undefined	/tasks	http://localhost:3000
20221227	11:32:21	1ea33371-bc5c-4492-bba2-d3cd726597ab	undefined	/tasks	http://localhost:3000
20221227	11:32:37	c067cac8-2254-4260-967b-29d28a5197dd	undefined	/tasks	http://localhost:3000
20221227	11:32:53	dd68fabf-77de-4762-b805-2707fa87000f	undefined	/tasks	http://localhost:3000
20221227	11:33:09	8e5051e5-1386-4dd0-88b8-dc9045fa8c12	undefined	/tasks	http://localhost:3000
20221227	11:33:25	770f131e-d4b9-4e9f-a420-90dc00841f15	undefined	/tasks	http://localhost:3000
20221227	11:33:41	c71d23f6-b261-4523-b4b2-31b796111569	undefined	/tasks	http://localhost:3000
20221227	11:33:57	1b1fd095-1679-4329-b1bb-251aba7d3961	undefined	/tasks	http://localhost:3000
20221227	11:34:13	62af79d2-a06a-414d-ad87-36e69ac54627	undefined	/tasks	http://localhost:3000
20221227	11:34:29	63391cb2-3ae7-4053-a8bc-35a63b338957	undefined	/tasks	http://localhost:3000
20221227	11:34:45	b9684dd4-9dfc-49f8-83c7-b0e3fa03a303	undefined	/auth	undefined
20221227	11:34:45	a7b99c88-675f-4703-93f6-5359af2fd174	undefined	/tasks	http://localhost:3000
20221227	11:35:01	4b3e8d7b-fb5c-4f85-b31a-5be15379b98f	undefined	/tasks	http://localhost:3000
20221227	11:35:17	7729026e-df59-4b2d-8448-ee10d5ed5903	undefined	/tasks	http://localhost:3000
20221227	11:35:29	08e36272-d5e3-4be6-9f7c-a41d1e42fb12	undefined	/auth	undefined
20221227	11:35:33	fe57548b-5193-463e-8199-b199d757db9d	undefined	/tasks	http://localhost:3000
20221227	11:35:49	485df9fb-5abe-42df-9025-fbde6d9840c9	undefined	/tasks	http://localhost:3000
20221227	11:36:05	b0b64b1f-747f-45a2-8a39-40c343250068	undefined	/tasks	http://localhost:3000
20221227	11:36:21	78230211-93d8-4a3f-aa3f-dcee3ecd84b6	undefined	/tasks	http://localhost:3000
20221227	11:36:37	4e19ea97-2f0c-4bff-9d83-506f151d1b8e	undefined	/tasks	http://localhost:3000
20221227	11:36:53	4ce5fc38-e140-4008-aa0e-5b7fe3ecbed2	undefined	/tasks	http://localhost:3000
20221227	11:37:09	0ffd849e-e5c5-46f4-8f34-d29a9a0a435e	undefined	/tasks	http://localhost:3000
20221227	11:37:25	0564d6b3-4797-40c3-abee-6982c158f603	undefined	/tasks	http://localhost:3000
20221227	11:37:41	d9cef8a0-5faa-4c76-b8e3-d91f442ec5e2	undefined	/tasks	http://localhost:3000
20221227	11:37:57	bd5033fd-c6e2-47ed-b460-875a12e922bc	undefined	/tasks	http://localhost:3000
20221227	11:38:13	6d52666a-9ebc-4809-bf50-3c3c176f608e	undefined	/tasks	http://localhost:3000
20221227	11:38:29	f105c443-42ee-4b21-839d-514d9722f37a	undefined	/tasks	http://localhost:3000
20221227	11:38:45	2fc76bc7-0362-439e-a658-e68382132984	undefined	/tasks	http://localhost:3000
20221227	11:39:01	680c1920-79ac-484d-a72d-60353ff1c227	undefined	/tasks	http://localhost:3000
20221227	11:39:17	69d657dd-2ded-4dad-8173-4d59d9cba34e	undefined	/tasks	http://localhost:3000
20221227	11:39:33	132c46f5-3199-4b52-9dab-760ed9a7a7ea	undefined	/tasks	http://localhost:3000
20221227	11:39:49	59ee8c9b-ae51-4b29-ac8c-71a3de323a5e	undefined	/tasks	http://localhost:3000
20221227	11:40:05	b5eef6fd-83e8-41ef-bac4-19b90b8153e2	undefined	/tasks	http://localhost:3000
20221227	11:40:21	faab77a4-f129-40b0-9b3f-9ed97d97675d	undefined	/tasks	http://localhost:3000
20221227	11:40:37	dc440b31-cd70-4d65-8d9d-ecf457a41976	undefined	/tasks	http://localhost:3000
20221227	11:40:53	d20e7b16-0c48-4a6e-90a4-8efefe8f7529	undefined	/tasks	http://localhost:3000
20221227	11:41:09	5d331107-06cb-4912-a30f-4ebbc408b998	undefined	/tasks	http://localhost:3000
20221227	11:41:25	8053a2ca-5123-4d5c-8989-72f2f0752c21	undefined	/tasks	http://localhost:3000
20221227	11:41:41	0d8fbd12-1d23-47fd-aeec-ed29d9d2086d	undefined	/tasks	http://localhost:3000
20221227	11:41:57	d4cb1045-f2e4-4f7e-a7d3-c1b8e3e02139	undefined	/tasks	http://localhost:3000
20221227	11:42:13	c7e668f6-aaf4-4a20-a214-ff13c4a6e722	undefined	/tasks	http://localhost:3000
20221227	11:42:29	3a2ef509-23ea-4c62-96c4-8e35f860981f	undefined	/tasks	http://localhost:3000
20221227	11:42:45	7b71fe34-9107-42e7-a3ab-9413c0d0e7fb	undefined	/tasks	http://localhost:3000
20221227	11:43:01	21b94d63-78c0-48a7-98e1-625597707406	undefined	/tasks	http://localhost:3000
20221227	11:43:17	1d5752fe-405f-406f-9375-7827ea239375	undefined	/tasks	http://localhost:3000
20221227	11:43:33	ea7dfd04-52ce-4082-ace5-6af7d094f4c3	undefined	/tasks	http://localhost:3000
20221227	11:43:49	721e2719-04fe-47bf-a236-fbb131dbc902	undefined	/tasks	http://localhost:3000
20221227	11:44:05	d728b382-5b5a-4949-ad3e-bb2a181f26b0	undefined	/tasks	http://localhost:3000
20221227	11:44:08	9a04eae0-a2f9-4a47-9a09-cc31de2ad427	undefined	/users	undefined
20221227	11:45:51	cf464922-bf3c-42f1-a5fb-cd155365fae6	undefined	/tasks	http://localhost:3000
20221227	11:46:02	dc2e5efc-487a-4fbe-bfe8-390c86f1a81c	undefined	/users	undefined
20221227	11:51:13	94e18708-cf80-429e-ab6c-21211c4a8429	undefined	/tasks	http://localhost:3000
20221227	11:51:17	382418e6-ad09-4bdb-855f-23e79ed69cdc	undefined	/users	undefined
20221227	11:51:29	c562c4b2-18b4-4f59-9407-95afd08c1093	undefined	/tasks	http://localhost:3000
20221227	11:51:33	21472f5d-9292-4931-a510-e1512f46163d	undefined	/tasks	undefined
20221227	11:51:45	abb532e6-6845-40b0-8228-e85b7347c64e	undefined	/tasks	http://localhost:3000
20221227	11:51:51	5cbf4d61-abff-443c-b544-f46734ea6e68	undefined	/tasks	undefined
20221227	11:52:01	77bcc55e-22bf-4c4d-b31c-256fe48dfdf0	undefined	/tasks	http://localhost:3000
20221227	11:52:17	396a3676-0ec1-453c-8ffd-76a218423607	undefined	/tasks	http://localhost:3000
20221227	11:52:33	515e6682-4a55-4657-83c3-5fdc51484d82	undefined	/tasks	http://localhost:3000
20221227	11:52:47	c1da8fa1-23be-4e97-8d97-c1cd5d2bbdc3	undefined	/auth	undefined
20221227	11:52:49	44b8a2db-c15a-46a0-a85e-9ba84aa27077	undefined	/tasks	http://localhost:3000
20221227	11:53:05	66d577ea-461a-4a79-a932-eb89217fcf7b	undefined	/tasks	http://localhost:3000
20221227	11:53:21	6c9244dd-9975-4811-80c9-144efbd49a31	undefined	/tasks	http://localhost:3000
20221227	11:53:37	da2a3cca-de67-4806-877b-b57f69dc3b6b	undefined	/tasks	http://localhost:3000
20221227	11:53:53	c59e7ea8-2cf0-4738-8798-a6f77979680e	undefined	/tasks	http://localhost:3000
20221227	11:54:09	f04db10c-b93f-4cdc-8d4e-25c4c4088a9c	undefined	/tasks	http://localhost:3000
20221227	11:54:25	04d29811-32a3-46b5-bf06-1852ec1b20e0	undefined	/tasks	http://localhost:3000
20221227	11:54:41	46fe52e5-9de8-46ba-91fd-be0e0b0c44b1	undefined	/tasks	http://localhost:3000
20221227	11:54:57	b33dabb3-7b1d-422d-a8f8-2e099772b985	undefined	/tasks	http://localhost:3000
20221227	11:55:13	e86075ee-6569-4f18-a0df-3f82e1976366	undefined	/tasks	http://localhost:3000
20221227	11:55:29	b9915580-3be0-4d5a-b1d6-de32d3ef3bc9	undefined	/tasks	http://localhost:3000
20221227	11:55:45	3ec1430f-92c1-4a53-ab32-aaf77d60b548	undefined	/tasks	http://localhost:3000
20221227	12:02:16	b42568d9-7d97-45c9-abc4-6e66e35a3457	undefined	/tasks	http://localhost:3000
20221227	12:02:32	30b8ae05-3dc0-40e2-b64b-85ca344a10e3	undefined	/tasks	http://localhost:3000
20221227	12:02:48	1d8a0539-0072-414a-8513-fd85ebf9c089	undefined	/tasks	http://localhost:3000
20221227	12:03:04	9f3ebf7f-2fca-4834-ac42-43f31c145944	undefined	/tasks	http://localhost:3000
20221227	12:03:19	db910373-c8fb-41e4-8b6f-7616c95c5cab	undefined	/auth	undefined
20221227	12:03:20	fb86778f-df0b-45ea-8ff4-3acb5f51f40f	undefined	/tasks	http://localhost:3000
20221227	12:03:36	10459341-6143-4170-9a6a-361f6b0fca97	undefined	/tasks	http://localhost:3000
20221227	12:03:52	df17fa1b-c9f6-4c27-aa91-76dc97a1956b	undefined	/tasks	http://localhost:3000
20221227	12:04:08	204cc6b4-8a5f-4254-924e-aa49d12cd1c3	undefined	/tasks	http://localhost:3000
20221227	12:04:24	bb08878f-0e31-4548-85eb-c88e2df23910	undefined	/tasks	http://localhost:3000
20221227	12:04:40	c12d4a36-55e5-4bf0-b89e-73462fa79cf2	undefined	/tasks	http://localhost:3000
20221227	12:04:56	e3d7d6b7-137b-4159-b92c-7e3ec03d1ad6	undefined	/tasks	http://localhost:3000
20221227	12:05:12	c28c4905-1d34-420f-963c-ffb7a9d3c69e	undefined	/tasks	http://localhost:3000
20221227	12:05:28	044a6e65-8021-4723-9fd1-cfb83edea324	undefined	/tasks	http://localhost:3000
20221227	12:05:44	afe40a91-b6db-4ad9-a2bc-6b1da7f2c16a	undefined	/tasks	http://localhost:3000
20221227	12:06:00	751d003f-ff91-4ae7-b696-30cad2c09d62	undefined	/tasks	http://localhost:3000
20221227	12:06:16	67e0f3d2-d774-4a5a-ab43-21fdf9333ed2	undefined	/tasks	http://localhost:3000
20221227	12:06:32	460a599b-8acf-465b-819d-e115241a409b	undefined	/tasks	http://localhost:3000
20221227	12:06:48	9df82e4e-6186-4076-aeae-5f16414e3b2b	undefined	/tasks	http://localhost:3000
20221227	12:07:04	98b2f9e0-9b4a-4862-af41-04c0a7bd0a47	undefined	/tasks	http://localhost:3000
20221227	12:07:20	0129af1a-5c8d-45b8-b23e-5dda46190355	undefined	/tasks	http://localhost:3000
20221227	12:07:36	058dc255-14c3-4a4d-9292-2b81de2a455e	undefined	/tasks	http://localhost:3000
20221227	12:07:52	1a7ec110-a889-44fd-b8d6-b6d3345ad026	undefined	/tasks	http://localhost:3000
20221227	12:08:08	5566f84b-a18f-45ff-8780-a57d50db642c	undefined	/tasks	http://localhost:3000
20221227	12:08:24	c09aa784-1472-48dc-b05f-2abed530e62c	undefined	/tasks	http://localhost:3000
20221227	12:08:40	efefce61-31e1-4bb4-a3d6-c97caea555b2	undefined	/tasks	http://localhost:3000
20221227	12:08:56	63535563-517e-4b45-bf0d-fff75f419d92	undefined	/tasks	http://localhost:3000
20221227	12:09:12	292c756d-54f8-4590-bc53-f03e54a8ff0b	undefined	/tasks	http://localhost:3000
20221227	12:09:28	dc419cee-b27e-4dd0-ae2e-c07b96f3558e	undefined	/tasks	http://localhost:3000
20221227	12:09:44	6143485c-b021-4834-89a7-f710fd048be9	undefined	/tasks	http://localhost:3000
20221227	12:09:46	c3c396d2-f1fb-4f5c-8e13-d1cc542610b7	undefined	/auth	undefined
20221227	12:09:55	2421772e-a666-4d3a-8ffe-710b17a38c6c	undefined	/auth	undefined
20221227	12:10:00	3ca7a22f-1cbb-4ae6-b9a3-15cf78f3decc	undefined	/tasks	http://localhost:3000
20221227	12:10:16	0ea58537-a457-47ec-addf-646de8c57b69	undefined	/tasks	http://localhost:3000
20221227	12:10:32	6a08a9f6-a83c-4320-87f8-a33edbb72103	undefined	/tasks	http://localhost:3000
20221227	12:10:48	87b3ccd3-4451-4ff0-a487-0061f361fbff	undefined	/tasks	http://localhost:3000
20221227	12:11:04	d4c8a488-86c3-428c-a469-164942338ccf	undefined	/tasks	http://localhost:3000
20221227	12:11:09	5d5fb4e3-c080-42af-9ba4-903090f798ce	undefined	/auth	undefined
20221227	12:11:20	d2e14a25-fd43-41dd-ad15-7dfe3bffc83a	undefined	/tasks	http://localhost:3000
20221227	12:11:36	05eb4f4a-5832-4cf8-92e0-dc0254ff15fb	undefined	/tasks	http://localhost:3000
20221227	12:11:44	34fc3224-63eb-4755-a459-4262e87e59d1	undefined	/auth	undefined
20221227	12:11:52	f99221e2-bef3-4f3d-97fd-219414e99eca	undefined	/tasks	http://localhost:3000
20221227	12:12:08	fa974346-b1d2-4e6f-973c-4ea9579f4214	undefined	/tasks	http://localhost:3000
20221227	12:12:24	b5f466a3-232b-4e75-b462-ee326097f765	undefined	/tasks	http://localhost:3000
20221227	12:12:40	8f649c83-79ab-4d61-8d0d-d5c030d77107	undefined	/tasks	http://localhost:3000
20221227	12:12:56	d0d7bee5-87e7-4d33-a48b-4d205f223c9c	undefined	/tasks	http://localhost:3000
20221227	12:13:12	6d3e5072-b984-4881-823d-49c1dc61094f	undefined	/tasks	http://localhost:3000
20221227	12:13:28	9e294c28-9494-4797-862f-23763b774790	undefined	/tasks	http://localhost:3000
20221227	12:13:42	cf32ab29-45c0-4e0c-8a15-12861272af6f	undefined	/auth	undefined
20221227	12:13:44	9a70e761-221e-46cd-87ec-fc02eb6b6006	undefined	/tasks	http://localhost:3000
20221227	12:13:54	e6458ba1-b3c9-4dc9-904b-564a896e0674	undefined	/auth	undefined
20221227	12:14:00	16f1f96a-c298-4290-a85e-2b34bcd559b9	undefined	/tasks	http://localhost:3000
20221227	12:14:16	4ec0da42-9ab6-430a-a12a-1f27147c7719	undefined	/tasks	http://localhost:3000
20221227	12:14:16	8437ad9a-3734-49b1-b90f-56e43ee1d384	undefined	/auth	undefined
20221227	12:14:32	bf8082df-8fee-45e8-a4d3-a9139e1f0034	undefined	/tasks	http://localhost:3000
20221227	12:14:48	7839b085-1940-45dc-a95b-6b3f41b28482	undefined	/tasks	http://localhost:3000
20221227	12:15:04	1838e3c4-de56-46da-86fd-495b7f77b6fd	undefined	/tasks	http://localhost:3000
20221227	12:15:20	bd41ac95-e22b-488e-8c84-1ea9a487c080	undefined	/tasks	http://localhost:3000
20221227	12:15:36	b707c241-2365-42f5-a544-8ad4f4a62315	undefined	/tasks	http://localhost:3000
20221227	12:15:47	9b29c6e9-763a-4ca0-ae4e-ec7270f0aa7d	undefined	/auth	undefined
20221227	12:19:46	2bb4f3a0-f3d0-441a-bd2f-74704a3ee6b6	undefined	/tasks	http://localhost:3000
20221227	12:20:02	c6bd4ef4-c1b9-42f1-b0ee-8220c9e3c544	undefined	/tasks	http://localhost:3000
20221227	12:20:18	f2fb1adc-9ac1-4e92-be83-7936fb511295	undefined	/tasks	http://localhost:3000
20221227	12:37:22	c9fb2229-6002-4de9-8e87-9c3c24e9694a	undefined	/tasks	http://localhost:3000
20221227	12:37:26	b93fc20a-86a3-4bb2-b4c3-84d38da463f8	undefined	/tasks	undefined
20221227	12:37:31	7fe766e2-4e50-41f6-a478-0ada9912a5b5	undefined	/	undefined
20221227	12:37:38	6a7193e2-4453-4ab6-8f3a-771a74fdec0c	undefined	/tasks	http://localhost:3000
20221227	12:37:54	45b44a8e-dbc4-4793-b0e1-ccc285f90cf4	undefined	/tasks	http://localhost:3000
20221227	12:38:40	764f1193-350c-49a9-b3b3-b454c493e21d	undefined	/	undefined
20221227	12:38:40	f2884a9d-a38f-47bd-872a-a8265bf9b7a8	undefined	/css/style.css	undefined
20221227	12:38:46	c970ce96-acf7-4269-acbb-e29cf73344e3	undefined	/tasks	http://localhost:3000
20221227	12:39:02	8c1de36d-336a-44b4-aa8a-b7b3504145ea	undefined	/tasks	http://localhost:3000
20221227	12:39:18	5d140e73-40ae-400e-b3f0-d6ef715df144	undefined	/tasks	http://localhost:3000
20221227	12:39:19	b9996da5-f3a9-4117-a522-2f3b93b884e4	undefined	/	undefined
20221227	12:39:19	37e7c5a0-0f66-4bd3-941d-da93241ecc0e	undefined	/css/style.css	undefined
20221227	12:39:28	ee0b3452-5c33-4804-8d18-b1284553c5eb	undefined	/d	undefined
20221227	12:39:28	2cb28543-9195-491d-b563-0183cddcd2e9	undefined	/css/style.css	undefined
20221227	12:39:34	5ed35bf7-390a-4b97-9f09-a9e13c642023	undefined	/tasks	http://localhost:3000
20221227	12:39:49	7d11e7ac-64ac-4f12-a31b-f1a208895e7f	undefined	/users	undefined
20221227	12:39:50	8719cf72-491d-4a24-9d2c-36928e452ca1	undefined	/tasks	http://localhost:3000
20221227	12:40:06	65853bea-1e0f-4b7a-938a-0965d53c86b8	undefined	/tasks	http://localhost:3000
20221227	12:40:06	90d529e5-215e-4134-8127-a81d62e4de70	undefined	/auth	undefined
20221227	13:34:36	760d7d5f-1a2b-4a7e-88e9-a5b6c3be47a7	undefined	/tasks	http://localhost:3000
20221227	13:34:37	d4e08b1d-ddea-4a15-bce7-e3c06d3a0971	undefined	/auth	undefined
20221227	13:34:52	6f0f5b20-0fe6-4695-a795-1b118613708a	undefined	/tasks	http://localhost:3000
20221227	13:35:08	0fe1c402-ba95-418c-bb3b-11d73a3728b8	undefined	/tasks	http://localhost:3000
20221227	13:35:24	0f4e163e-d2ed-4c41-aa4c-88d90c21b215	undefined	/tasks	http://localhost:3000
20221227	13:35:40	e2f2dbfa-14d1-44f5-8c12-744b362f3df5	undefined	/tasks	http://localhost:3000
20221227	13:35:56	7bf575ca-0b03-4154-9882-47b37c65d615	undefined	/tasks	http://localhost:3000
20221227	13:36:12	c520f64f-e8a0-4bbe-993d-897c9e9d9674	undefined	/tasks	http://localhost:3000
20221227	13:36:28	92824cd5-6357-4100-9867-df869fe64276	undefined	/tasks	http://localhost:3000
20221227	13:36:44	ec2cd2c6-21a2-409b-8931-0c717e90dd66	undefined	/tasks	http://localhost:3000
20221227	13:37:00	9ac05a0a-8c59-452e-8e89-7714be72fdde	undefined	/tasks	http://localhost:3000
20221227	13:37:16	4a0689c4-6703-453e-8073-a0dd883990c4	undefined	/tasks	http://localhost:3000
20221227	13:37:32	4960370a-1ad9-4995-980e-ee0fb99b87d5	undefined	/tasks	http://localhost:3000
20221227	13:37:48	46ba433c-b0b7-4c14-be3a-5af2e017d1cc	undefined	/tasks	http://localhost:3000
20221227	13:38:04	a5830ec6-83c1-4d5a-8d25-5ed5911fdb49	undefined	/tasks	http://localhost:3000
20221227	13:38:20	bf7c1c64-8508-4ee7-9f60-415161431a1d	undefined	/tasks	http://localhost:3000
20221227	13:38:36	158a5798-0db6-40b0-99e7-f9da8da32230	undefined	/tasks	http://localhost:3000
20221227	13:38:52	a2d21385-8233-4e90-b5be-bb559e4776ab	undefined	/tasks	http://localhost:3000
20221227	13:39:08	5ced5a2f-18e1-4983-a5c5-42f41cce77a4	undefined	/tasks	http://localhost:3000
20221227	13:39:19	1143cc4b-25c8-4ab9-a3d7-737102bf83ef	undefined	/auth	undefined
20221227	13:39:24	0507915b-a1d0-488a-bc76-583c8d5bdba0	undefined	/tasks	http://localhost:3000
20221227	13:39:40	b6ab0b3c-1562-48e2-b68b-ca69e74027c6	undefined	/tasks	http://localhost:3000
20221227	13:39:44	577232ed-a020-454c-bdd6-4fb1fb36e7d8	undefined	/tasks	http://localhost:3000
20221227	13:39:50	aa7a1fa4-0488-46c3-8681-36eadb53f0c0	undefined	/tasks	http://localhost:3000
20221227	13:40:06	6dd936ba-0f5e-4b6e-969e-da5581fb2df4	undefined	/users	http://localhost:3000
20221227	14:15:04	db1da1ab-9dc3-4a4a-b548-e09e3185e707	undefined	/auth/refresh	undefined
20221227	14:20:48	883d6e63-94f8-41b2-8828-509e811791ff	undefined	/auth/refresh	undefined
20221227	14:27:32	aca193e5-3277-4779-9263-a7a80722c61b	undefined	/auth/refresh	undefined
20221227	14:29:27	b5d92922-5acf-4c2a-991f-cad58dab8629	undefined	/users	undefined
20221227	14:29:38	09d4cbe4-9ee0-4b72-810c-48a74b250dec	undefined	/auth/	undefined
20221227	14:29:47	d0658569-f592-4058-8504-29ede03e903b	undefined	/users	undefined
20221227	14:36:22	8909d97a-aaf5-4df0-b0b3-b02519ca5199	undefined	/users	undefined
20221227	14:41:53	4e56b81c-46dc-4c7f-b4d8-b8ddc5d0423b	undefined	/auth/logout	undefined
20221227	14:46:58	045ea0b3-5de8-4a4b-879e-0f0d37a50765	undefined	/auth	undefined
20221227	14:48:45	08264a23-6002-4e4d-9b7d-e9815e956e75	undefined	/refresh	undefined
20221227	14:49:04	9379bee8-1893-411c-9e05-e2684d406c54	undefined	/auth/refresh	undefined
20221227	14:50:13	730c614a-3cd9-4190-81eb-c28d954feb29	undefined	/auth/logout	undefined
20221227	14:50:36	8a057285-9639-42c2-9a43-1cdbde71dd28	undefined	/auth	undefined
20221227	14:51:53	21a1b66f-4a33-46f0-adbd-0fdf2e7e6120	undefined	/users	undefined
20221227	14:52:50	0148a61f-8701-4562-bcc5-217402110591	undefined	/tasks	undefined
20221227	15:39:42	b6f847d5-a14c-4ad0-986a-345575937c95	undefined	/tasks	http://localhost:3000
20221227	15:39:42	59da5574-9465-4011-8869-b8cd767c336e	undefined	/users	http://localhost:3000
20221227	16:04:17	1c011f47-dfb6-470f-8649-3acede9d0b64	undefined	/tasks	http://localhost:3000
20221227	16:04:17	452f5966-8404-41a5-9df6-1bcbe74d18b2	undefined	/users	http://localhost:3000
20221227	16:04:41	4cb74829-678d-47e2-a288-0a9bb8f8a8b1	undefined	/tasks	http://localhost:3000
20221227	16:04:46	144df4f7-a025-4cd2-b092-256e660b8356	undefined	/users	http://localhost:3000
20221227	16:05:44	ddc61365-525a-4c4c-9659-fed31d55438c	undefined	/users	http://localhost:3000
20221227	16:05:44	5615bf03-aad8-4139-998a-14839500520f	undefined	/users	http://localhost:3000
20221227	16:05:44	4dcc4606-2b19-4d6a-a04d-d6431af4037b	undefined	/users	http://localhost:3000
20221227	16:12:15	63368d88-0888-4371-9380-c0146f170f03	undefined	/tasks	http://localhost:3000
20221227	16:12:15	d6370a9a-aa2a-412c-8dd1-6ae805ddf813	undefined	/users	http://localhost:3000
20221227	16:13:30	222d3cf3-4302-4e7e-bb92-9e6ebbc1028e	undefined	/auth/logout	http://localhost:3000
20221227	16:16:19	b80622d6-5e21-4853-99fa-b55a149c56fc	undefined	/tasks	http://localhost:3000
20221227	16:16:19	8389f61b-bffc-4a4f-a9f2-2924f01dd243	undefined	/users	http://localhost:3000
20221227	16:16:24	fa0cd7b9-ddde-48a1-b3f5-2b2acb0d9985	undefined	/auth/logout	http://localhost:3000
20221227	16:16:33	3ee4f74b-f8ef-46d7-a172-95f693ecca31	undefined	/tasks	http://localhost:3000
20221227	16:16:33	c68ee7cd-fac3-4ce9-a72f-975cf6e45609	undefined	/users	http://localhost:3000
20221227	16:17:53	e1b3f601-a644-41d7-8607-461fbf6cf3f0	undefined	/auth	http://localhost:3000
20221227	16:17:53	860b1437-621e-44d5-b84e-4e7bb1841e32	undefined	/auth	http://localhost:3000
20221227	16:17:53	28ccc292-5b03-4fec-9806-1cac907fb884	undefined	/tasks	http://localhost:3000
20221227	16:17:53	4e13e5a7-f2f4-482d-93c0-0dba9434a887	undefined	/users	http://localhost:3000
20221227	16:18:11	5c3f804c-b7a4-4461-8ec4-03184e869273	undefined	/tasks	http://localhost:3000
20221227	16:18:15	f11f9027-0277-4938-858d-11baee88aed8	undefined	/users	http://localhost:3000
20221227	16:20:09	726ad00d-7a15-4876-9b5a-18f404f8e2bc	undefined	/tasks	http://localhost:3000
20221227	16:20:09	06ea987d-243e-4e32-b00f-fc07c44aa252	undefined	/users	http://localhost:3000
20221227	16:21:57	8d618f4c-5124-4219-8141-eafe028993f7	undefined	/tasks	http://localhost:3000
20221227	16:21:57	04c942cd-286e-49be-a194-b4c636dc7ac6	undefined	/users	http://localhost:3000
20221227	16:23:08	110867af-e65e-4bac-a50b-20534afefea4	undefined	/tasks	http://localhost:3000
20221227	16:23:08	efa2aa56-2f48-4f35-b52d-551815e46191	undefined	/users	http://localhost:3000
20221227	16:23:17	72888e37-1592-4990-beb1-4657f6037ff6	undefined	/auth/logout	http://localhost:3000
20221227	16:23:49	a1538abf-e535-494f-b651-b170b31ce451	undefined	/auth	http://localhost:3000
20221227	16:23:49	25284483-4462-48ec-84be-c5328db25acf	undefined	/auth	http://localhost:3000
20221227	16:23:49	6aa9bf03-cd52-4bd5-ad66-4ef783bb9525	undefined	/tasks	http://localhost:3000
20221227	16:23:49	d4735d5b-353b-4432-82b1-ac538d36c865	undefined	/users	http://localhost:3000
20221227	16:24:56	2ad092ab-d5e7-4bcb-9325-4bf23d804235	undefined	/auth/logout	http://localhost:3000
20221227	16:26:00	7af7cc06-f5a5-4d59-8444-0f455ceba568	undefined	/auth	http://localhost:3000
20221227	16:26:00	20935daa-bc12-4d72-a9b9-39e83c172e92	undefined	/auth	http://localhost:3000
20221227	16:26:12	7b6dadc2-33cf-4b8d-a1f8-4dd7bceaf56d	undefined	/auth	http://localhost:3000
20221227	16:26:12	bdfead6c-a8de-43cc-9e24-f1baf678b814	undefined	/auth	http://localhost:3000
20221227	16:26:12	dc5c98de-034d-440e-8bb3-d83d9a487512	undefined	/tasks	http://localhost:3000
20221227	16:26:12	1745ed82-4ac2-4629-85ea-b70ecc403b58	undefined	/users	http://localhost:3000
20221227	16:26:25	053a7b5f-5584-4f19-9751-1bc48a50c1c1	undefined	/tasks	http://localhost:3000
20221227	16:26:30	dc2586db-2de2-4bbd-bc90-9b1161c71847	undefined	/tasks	http://localhost:3000
20221227	16:35:43	2dd85cc3-3471-490e-8a21-657710b936a1	undefined	/tasks	http://localhost:3000
20221227	16:35:43	684808ff-3ed4-4845-bd9f-4ed3110c822a	undefined	/users	http://localhost:3000
20221227	16:36:28	c922f57c-1f7a-4d1a-ac6c-4794047facd5	undefined	/auth/logout	http://localhost:3000
20221227	16:37:45	0c2e4f7d-bde5-414b-b34b-5a514225c53a	undefined	/auth	http://localhost:3000
20221227	16:39:20	0536457a-f55e-41f9-9d57-c397e4eb076f	undefined	/users	undefined
20221227	16:39:38	d0dcf749-4522-4c6f-aa6c-68a0e7a7f066	undefined	/auth	undefined
20221227	16:40:23	76bb0564-465d-4be5-805c-16add6cedbe8	undefined	/users	undefined
20221227	16:41:24	93d4017f-3dcc-46ec-b8cb-313f2b7851e4	undefined	/auth	http://localhost:3000
20221227	16:42:17	43834297-27e7-4577-b97e-5abd074949ec	undefined	/	undefined
20221227	16:42:17	55a15740-aac7-4b38-908a-3a113857c701	undefined	/css/style.css	undefined
20221227	16:42:30	259113db-1abd-448e-9c97-eeded5ac2ecf	undefined	/css/style.css	undefined
20221227	16:44:28	5aaf1c27-4525-4bfd-896c-73efe13b18a7	undefined	/auth	http://localhost:3000
20221227	16:46:57	13192b20-e396-4502-b38f-9a8d9723bcdd	undefined	/auth	http://localhost:3000
20221227	16:46:57	34d4c8e6-5618-45f9-ae40-7c57424e0c27	undefined	/auth	http://localhost:3000
20221227	16:46:57	6dcaa7da-9936-4f1d-ad66-b63089ac88bb	undefined	/tasks	http://localhost:3000
20221227	16:46:57	2c8459e9-da7a-409a-af79-bae0ee83c582	undefined	/users	http://localhost:3000
20221227	16:49:28	9493a2b6-aaac-45be-8c6c-d4c72e826e82	undefined	/tasks	http://localhost:3000
20221227	16:49:28	b37f72ae-d816-4922-ae32-dbdaf37774d9	undefined	/users	http://localhost:3000
20221227	16:49:35	b91ff4ba-a74e-45b1-a637-08d0b63f3e56	undefined	/tasks	http://localhost:3000
20221227	16:49:50	3766c747-8816-428a-a530-02fc18846139	undefined	/tasks	http://localhost:3000
20221227	16:50:06	85408731-4b8a-4332-93ce-6e7fc6e326d8	undefined	/tasks	http://localhost:3000
20221227	16:50:22	fdb59b6d-bd3d-413e-a119-57c21e15f15e	undefined	/tasks	http://localhost:3000
20221227	16:50:38	051560ab-bdd9-4eaa-b3bc-937cc6a23d27	undefined	/tasks	http://localhost:3000
20221227	16:50:54	2235bb47-87f3-4089-b8f9-cb600fa10a9f	undefined	/tasks	http://localhost:3000
20221227	16:51:10	2e2e5e32-ce16-4871-bc5d-3dc2ac14de56	undefined	/tasks	http://localhost:3000
20221227	16:51:26	a94f17d9-b28b-4242-8f75-eed85bc31261	undefined	/tasks	http://localhost:3000
20221227	16:51:42	dbba4669-11b9-48cc-9366-d232074940d8	undefined	/tasks	http://localhost:3000
20221227	16:51:58	52deb855-80ad-47d5-b456-2e64ef313dbe	undefined	/tasks	http://localhost:3000
20221227	16:52:14	749f4732-69bb-4f04-ad71-2df0ba5d545d	undefined	/tasks	http://localhost:3000
20221227	16:52:30	6d71e641-d429-4ea4-ba12-c14950feb5bb	undefined	/tasks	http://localhost:3000
20221227	16:52:40	ad124c78-ba58-48fd-b28f-315e3622f685	undefined	/tasks	http://localhost:3000
20221227	16:57:09	1a748ae7-c4b0-4d52-87d7-b1f90654d32b	undefined	/tasks	http://localhost:3000
20221227	16:57:24	7458c13c-6346-446a-a939-b45d54eb506c	undefined	/tasks	http://localhost:3000
20221227	16:57:39	448c8d18-7b8e-4914-b1e3-882a0df53be0	undefined	/tasks	http://localhost:3000
20221227	16:57:54	5a4233ba-06e5-4798-89e5-c79c07202266	undefined	/tasks	http://localhost:3000
20221227	16:58:09	8a9e6bea-4339-4dca-a326-82e97a6a7e08	undefined	/tasks	http://localhost:3000
20221227	16:58:10	925708f0-02e3-46d5-8b9d-6503d12e06da	undefined	/tasks	http://localhost:3000
20221227	16:58:14	66f111d3-bd66-4b3f-96a6-795f5392583c	undefined	/users	http://localhost:3000
20221227	16:58:35	fad28495-94a3-48dc-871e-08b51e4acda2	undefined	/users	http://localhost:3000
20221227	16:58:44	2c34c939-9c4c-4c78-95dd-93fda758addf	undefined	/auth/logout	http://localhost:3000
20221227	17:00:10	3b107f81-4eaf-47af-b24d-8f158348885b	undefined	/tasks	http://localhost:3000
20221227	17:00:25	34fc6d87-e2a9-489d-984a-bb5fed2306a6	undefined	/tasks	http://localhost:3000
20221227	17:00:40	5bf20141-1650-4cc3-a8d8-305f756e7ede	undefined	/tasks	http://localhost:3000
20221227	17:01:50	ba390e9f-5fef-4daf-93bf-b880888bbb5b	undefined	/tasks	http://localhost:3000
20221227	17:01:50	4525f39e-316e-4f1a-ad3b-3e97896fa75d	undefined	/users	http://localhost:3000
20221227	17:01:55	b9bc82de-d40e-4222-a321-c0d22d367dea	undefined	/tasks	http://localhost:3000
20221227	17:02:04	448ba5c2-4937-4798-963a-06377167ed05	undefined	/users	http://localhost:3000
20221227	17:02:10	c72b1321-b630-42b1-ba92-915bfd031a1f	undefined	/auth/logout	http://localhost:3000
20221227	17:02:31	2472bd54-c803-47a8-a1bb-03ee8a6f0768	undefined	/auth	http://localhost:3000
20221227	17:02:31	55c31f69-765f-418b-a34b-7479483b7ee8	undefined	/auth	http://localhost:3000
20221227	17:02:31	ef75dc02-b26b-40dc-83a6-22c27d0a194f	undefined	/tasks	http://localhost:3000
20221227	17:02:31	984b734f-6527-48c8-850c-57ec359c88ef	undefined	/users	http://localhost:3000
20221227	17:02:31	8ee313d3-20df-4bb4-b474-94fd4546cbd7	undefined	/tasks	http://localhost:3000
20221227	17:02:31	d41b312f-c708-4227-85aa-8fdb2cec36ca	undefined	/users	http://localhost:3000
20221227	17:02:40	0ec3e262-13c1-4d1c-8567-cba7bda65791	undefined	/tasks	http://localhost:3000
20221227	17:02:40	21b6812b-7fa5-4066-9e47-e49dc84495c7	undefined	/tasks	http://localhost:3000
20221227	17:02:47	c4225f97-568d-4a5a-bf6f-bce780483327	undefined	/users	http://localhost:3000
20221227	17:02:47	31c1b441-8c0a-4185-aafe-263cd7eaa9d6	undefined	/users	http://localhost:3000
20221227	17:03:50	c05a43a6-ac79-40f6-b21c-701f9493f4c8	undefined	/users	http://localhost:3000
20221227	17:03:50	eadb0f0a-8bc4-4c60-a32b-bd8adea1ba65	undefined	/users	http://localhost:3000
20221227	17:03:50	007b53b7-4530-4d16-afb7-78e48dd967f1	undefined	/users	http://localhost:3000
20221227	17:03:57	1f32a513-39a3-4cc8-af13-fdc37cd0e8e0	undefined	/users	http://localhost:3000
20221227	17:03:57	e2fe1774-d8ba-428c-907d-033778a67b7e	undefined	/users	http://localhost:3000
20221227	17:05:01	3ef92cc0-8efd-4b64-88f4-41966697cf2d	undefined	/tasks	http://localhost:3000
20221227	17:05:01	83a7242e-e9fc-4c7c-aac6-9e1f2da243b8	undefined	/tasks	http://localhost:3000
20221227	17:05:01	43146a46-31f5-4a92-8375-b8c3e5c1d2ee	undefined	/tasks	http://localhost:3000
20221227	17:05:17	26fd11ed-141f-475d-af9a-51163c5132a9	undefined	/tasks	http://localhost:3000
20221227	17:05:17	1596548f-7b1b-445a-bac6-2972acfea2b5	undefined	/tasks	http://localhost:3000
20221227	17:05:32	81e1d989-a780-48a7-98d0-78a5c33f26f5	undefined	/tasks	http://localhost:3000
20221227	17:05:32	8923e20d-42e5-47aa-b1f2-97c11e052265	undefined	/tasks	http://localhost:3000
20221227	17:05:47	bc29e1ca-6a94-455c-abf6-65f902fe8058	undefined	/tasks	http://localhost:3000
20221227	17:05:47	c59011fe-22e2-4b03-87e6-0241ac80dc2a	undefined	/tasks	http://localhost:3000
20221227	17:06:02	fe9643b7-a5d6-4e89-9bd7-f858a3d9b3c1	undefined	/tasks	http://localhost:3000
20221227	17:06:02	4f680d57-1811-40f9-8281-57c430a7695d	undefined	/tasks	http://localhost:3000
20221227	17:06:17	9e729133-2c31-415e-aa48-9bb618fa8dc4	undefined	/tasks	http://localhost:3000
20221227	17:06:17	a0cdd56e-e6df-44d6-b67c-adf0ccb861c9	undefined	/tasks	http://localhost:3000
20221227	17:06:32	c7c76b49-62fe-4964-b86d-ffb5f267a74b	undefined	/tasks	http://localhost:3000
20221227	17:06:32	7b748e88-6865-4485-9e4b-1c0af211573b	undefined	/tasks	http://localhost:3000
20221227	17:06:47	036d5376-da7a-4d22-800e-5c0f70e12df6	undefined	/tasks	http://localhost:3000
20221227	17:06:47	fc54d59f-f8a3-4a13-86f0-b3c4c33fce9b	undefined	/tasks	http://localhost:3000
20221227	17:10:22	50b2bdb9-6fe3-4424-a607-19555edf8981	undefined	/tasks	http://localhost:3000
20221227	17:10:22	526e919c-3256-4099-9186-7176f8bcf548	undefined	/users	http://localhost:3000
20221227	17:31:27	9c6d2718-c8f1-4bfd-8ba1-2b56559e5d75	undefined	/tasks	http://localhost:3000
20221227	17:31:27	cb123130-743b-44b3-9c1c-cd84404a9807	undefined	/users	http://localhost:3000
20221227	17:33:09	761bf131-fbaf-4c4f-89cc-a2f154b61d00	undefined	/tasks	http://localhost:3000
20221227	17:33:09	aba79924-4fbc-43aa-b6d8-b8775880e720	undefined	/users	http://localhost:3000
20221227	17:33:15	01e58c0b-7369-405d-a8f0-55ca9925b860	undefined	/tasks	http://localhost:3000
20221227	17:33:18	65dfe170-149d-4ec0-aa9e-6a2ba4f27641	undefined	/auth/logout	http://localhost:3000
20221227	17:34:19	d3eb407d-5b0b-4cb0-8aaf-2fbdda982932	undefined	/auth	http://localhost:3000
20221227	17:34:19	9313bc22-e431-4d71-9003-b645c630bf1b	undefined	/auth	http://localhost:3000
20221227	17:34:19	1c20a93f-ab32-4c2a-b411-9557ddf2c074	undefined	/tasks	http://localhost:3000
20221227	17:34:19	be934459-84cc-4d21-9346-486432991011	undefined	/users	http://localhost:3000
20221227	17:34:19	9f3f330f-5fb0-4417-a5e5-d3d5729c7cc3	undefined	/tasks	http://localhost:3000
20221227	17:34:19	8824dcbc-8554-4057-be02-181a4e9ad5ac	undefined	/users	http://localhost:3000
20221227	17:34:25	9079185f-cf78-4672-891a-f92e570b8d0d	undefined	/tasks	http://localhost:3000
20221227	17:34:25	e3403c28-e925-443b-bca7-350f11e64b56	undefined	/tasks	http://localhost:3000
20221227	17:34:32	e4c28f4f-ff1c-4e2d-a9a8-0d317eb89284	undefined	/tasks	http://localhost:3000
20221227	17:34:32	c74341f0-e31d-4f9b-a35b-b9190c1c0fec	undefined	/tasks	http://localhost:3000
20221227	17:34:38	71d5b18c-b9a3-47f3-a515-a064644b6a6b	undefined	/users	http://localhost:3000
20221227	17:34:38	e9ca9a2f-2d8e-4403-819f-d4140f3c9840	undefined	/users	http://localhost:3000
20221227	17:35:48	bdd38ccf-ed7b-443a-a628-7fc528790fe8	undefined	/users	http://localhost:3000
20221227	17:35:48	d2ef8702-3acd-4349-9a79-6c171103d895	undefined	/users	http://localhost:3000
20221227	17:35:48	855c3c9c-35ea-4d29-9958-2361a1701287	undefined	/users	http://localhost:3000
20221227	17:35:49	3f522804-c7d6-4be2-ac85-3689120d65fb	undefined	/users	http://localhost:3000
20221227	17:35:54	a2986bba-58b5-40e9-a509-4ec2a899d24e	undefined	/auth/logout	http://localhost:3000
20221227	17:35:54	cf380724-961f-46b4-a06a-e310ea616be1	undefined	/auth/logout	http://localhost:3000
20221227	17:36:10	3e8fea6f-736c-4b82-a7f5-25d3cec4fafa	undefined	/auth	http://localhost:3000
20221227	17:36:10	df6177aa-cea5-4c3c-b48f-44610c6aa6bb	undefined	/auth	http://localhost:3000
20221227	17:36:11	9271e276-2857-4f71-951f-141ea6cf1eaf	undefined	/tasks	http://localhost:3000
20221227	17:36:11	adf1098e-2062-4926-9557-aad60b4fe538	undefined	/users	http://localhost:3000
20221227	17:36:11	8f5ddef9-7911-4c83-acc4-e3e69f92da2a	undefined	/tasks	http://localhost:3000
20221227	17:36:11	f63eaab0-6f9c-460f-91c0-9792068df1c8	undefined	/users	http://localhost:3000
20221227	17:36:14	739fcf90-4505-4a50-a0ce-e5bb29671537	undefined	/tasks	http://localhost:3000
20221227	17:49:10	3276174f-158b-494d-8d5e-72c19f0f46b4	undefined	/auth/logout	http://localhost:3000
20221227	17:49:10	97075d00-9e06-4102-ab01-fe4799c1c455	undefined	/auth/logout	http://localhost:3000
20221227	17:49:42	bb654afd-298b-46b2-8939-88289ee9a157	undefined	/auth	http://localhost:3000
20221227	17:49:42	4e20fbce-4565-4e47-b051-a67879823b64	undefined	/auth	http://localhost:3000
20221227	17:49:42	dc0de539-7639-4319-bc2f-b68694b604b9	undefined	/tasks	http://localhost:3000
20221227	17:49:42	eccc3051-6fca-4087-8a58-eb09168024a5	undefined	/users	http://localhost:3000
20221227	17:49:42	54101257-586f-4e2b-8e36-8fa0ff69c06f	undefined	/tasks	http://localhost:3000
20221227	17:49:42	c13a876a-2345-47c3-83ce-c30a3fb2e850	undefined	/users	http://localhost:3000
20221227	17:49:55	ae9cd11a-eda1-4343-8fc9-ec174e1f9a5d	undefined	/tasks	http://localhost:3000
20221227	17:49:55	2e10db14-55cf-4dd5-afcb-fc20af3e36d0	undefined	/tasks	http://localhost:3000
20221227	17:50:02	2fa72239-f8b5-4355-8f53-0d1a92b445cc	undefined	/users	http://localhost:3000
20221227	17:50:02	9ccae3f7-8e06-41fb-acf6-89793a8e194a	undefined	/users	http://localhost:3000
20221227	17:51:58	b631fb8c-4b3c-4928-8a18-483f52acf1e6	undefined	/tasks	http://localhost:3000
20221227	17:51:58	33ab37b6-4590-4768-83b8-d49faf2cca38	undefined	/tasks	http://localhost:3000
20221227	17:52:03	863be70a-53d4-48ca-8eda-d1c04516bf2c	undefined	/auth/refresh	http://localhost:3000
20221227	19:58:22	05bf5f6d-3e00-4b30-87a3-2228af210d58	undefined	/auth	http://localhost:3000
20221227	19:58:22	642f9d42-ed65-4d5b-986e-b5b7c9c74ca8	undefined	/auth	http://localhost:3000
20221227	19:58:22	eca41ed4-5faa-4d77-90ff-f95bcabbed6f	undefined	/tasks	http://localhost:3000
20221227	19:58:22	bac78ada-c80a-4a22-86fb-cb284eca9580	undefined	/users	http://localhost:3000
20221227	19:58:22	32c7d816-ad42-4f10-9e6a-d64ecef9e99c	undefined	/tasks	http://localhost:3000
20221227	19:58:22	476f60fe-7857-4abd-9215-a19daab94a01	undefined	/users	http://localhost:3000
20221227	19:58:27	f5c6631e-dd58-439b-bd36-5ca1f1852c31	undefined	/auth/refresh	http://localhost:3000
20221227	20:01:24	61cdc350-ca6c-4dd7-a7fe-ca53f6762aea	undefined	/auth/refresh	undefined
20221227	20:02:20	a71331bf-ddea-4a21-a072-0ea0da9b1f85	undefined	/auth/refresh	undefined
20221227	20:02:27	a5172726-8aff-4a61-bd50-052506cf9757	undefined	/auth/refresh	undefined
20221227	20:03:19	e8e0ffe2-2e87-4e97-9595-aafc63bf89a9	undefined	/auth/refresh	http://localhost:3000
20221227	20:03:22	cf9d25e3-979d-4106-936e-4ce7c0a4dcfc	undefined	/auth/refresh	http://localhost:3000
20221227	20:03:24	5d191c39-a477-4a22-a7c2-e290b36faaed	undefined	/auth/refresh	http://localhost:3000
20221227	20:04:05	12124abd-fcd6-44f1-9bc6-443824d59094	undefined	/auth/refresh	http://localhost:3000
20221227	20:13:29	bbb1bb95-ddb9-46ed-8b31-6b347b65c9f6	undefined	/auth/refresh	http://localhost:3000
20221227	20:13:34	7e36fecc-5314-4ba2-a303-a26b94a8abfa	undefined	/auth/refresh	http://localhost:3000
20221227	20:14:03	23aa4413-29fa-44bf-87a4-db5cba67ede1	undefined	/auth/refresh	http://localhost:3000
20221227	20:15:08	1fa22211-e26d-4358-b728-e29f77d949d0	undefined	/auth	http://localhost:3000
20221227	20:15:08	3a6faedc-38c0-4c90-aab5-dd9d9e4ff674	undefined	/auth	http://localhost:3000
20221227	20:15:09	5a6cc052-1a15-496c-ab00-e8628bd1b1de	undefined	/tasks	http://localhost:3000
20221227	20:15:09	ef53f1ab-740a-4fcf-b4a9-1d0999109b95	undefined	/users	http://localhost:3000
20221227	20:15:09	27fcd784-858f-4f1b-9a57-a23a2604967a	undefined	/tasks	http://localhost:3000
20221227	20:15:09	a5f24efc-04d0-4921-9164-7de5fb7db9bd	undefined	/users	http://localhost:3000
20221227	20:21:54	e503caeb-4d4a-4661-9583-772243ae1088	undefined	/auth/refresh	http://localhost:3000
20221227	20:45:28	f6d4253c-c7e1-45de-b70e-5c61bb4bd2cf	undefined	/auth	http://localhost:3000
20221227	20:45:29	e4b3dde4-7f20-4897-b549-7b7c7e675e60	undefined	/auth	http://localhost:3000
20221227	20:45:29	948725aa-6328-4aeb-96fe-9e617a1fa82b	undefined	/tasks	http://localhost:3000
20221227	20:45:29	cdc0fb1d-6a25-4809-977a-ead55e9dda63	undefined	/users	http://localhost:3000
20221227	20:45:29	7f2752eb-a5fc-482a-9603-65144f3cc727	undefined	/tasks	http://localhost:3000
20221227	20:45:29	567c6b20-6777-4f14-b655-1d83e44efb00	undefined	/users	http://localhost:3000
20221227	20:45:32	7e406cf5-3adb-417c-9c78-ccaf6f19e6de	undefined	/tasks	http://localhost:3000
20221227	20:45:36	587a4116-ad4e-4311-85f0-4fc53b1795ae	undefined	/auth/refresh	http://localhost:3000
20221227	20:48:18	2a123230-c24b-4f0f-8365-c7de7a5fa343	undefined	/auth/refresh	undefined
20221227	20:49:15	2c4d87ff-a0ab-4757-b479-3374b36424fe	undefined	/auth/refresh	http://localhost:3000
20221227	20:57:50	80e8a385-8af0-4eda-9ad2-7b7987619d9a	undefined	/auth	http://localhost:3000
20221227	20:57:50	4f12474e-3e10-4d6c-9270-7a3a8b952b01	undefined	/auth	http://localhost:3000
20221227	20:57:50	2775f73a-c7f2-4ba4-b9df-dba02233e9b5	undefined	/tasks	http://localhost:3000
20221227	20:57:50	9b67d17f-28c8-46a1-a5ac-a33dbadeb8cf	undefined	/users	http://localhost:3000
20221227	20:57:50	74b7f164-1926-4344-8f16-058a7d5d87e4	undefined	/tasks	http://localhost:3000
20221227	20:57:50	ecf57cf2-e2e4-4008-85c0-aa50933de51c	undefined	/users	http://localhost:3000
20221227	20:57:52	2a298aad-b7c8-4539-9357-79ad447b2398	undefined	/tasks	http://localhost:3000
20221227	20:57:55	26b50176-7187-430a-83f9-524509c81eb8	undefined	/auth/refresh	http://localhost:3000
20221227	22:25:22	d7bee607-3ce5-4025-9dd8-4222b4597d31	undefined	/auth/refresh	undefined
20221227	22:26:36	1654ac65-b1e9-46fe-998f-36269346b915	undefined	/users	undefined
20221227	22:44:53	c13a7696-3260-423d-bbbf-4206a87d119b	undefined	/dash	undefined
20221227	22:44:53	494c65a6-fe3d-4865-8ce2-ca8dc56726e0	undefined	/css/style.css	undefined
20221227	22:45:00	bcf34b50-bf2b-4bee-a210-6d6e8549084b	undefined	/	undefined
20221227	22:45:00	afcd1680-2511-4ad6-b3f2-fda718e62861	undefined	/css/style.css	undefined
20221228	12:50:30	1e61245a-c003-4f61-923c-7c340529cc55	undefined	/auth	http://localhost:3000
20221228	12:50:30	1bc61f29-bf3c-462f-8aa7-7748846c3e35	undefined	/auth	http://localhost:3000
20221228	12:50:33	f13abe4e-9a23-4f98-86ad-b2b0e370e317	undefined	/tasks	http://localhost:3000
20221228	12:50:33	1e7d8f30-26f8-49de-87ca-0da484cad6be	undefined	/users	http://localhost:3000
20221228	12:50:33	b57e5dc1-a69a-42cc-81da-0afd88a91f9e	undefined	/tasks	http://localhost:3000
20221228	12:50:33	37480688-f40f-4803-af97-fd25d1bec9b5	undefined	/users	http://localhost:3000
20221228	12:50:45	4ae80459-c54d-472b-bacc-4d3242953da2	undefined	/tasks	http://localhost:3000
20221228	12:50:45	2123ef20-5cb4-490d-94f8-740ff82cfa05	undefined	/tasks	http://localhost:3000
20221228	12:50:50	8d6e714c-902c-4348-89a6-bb1991358045	undefined	/users	http://localhost:3000
20221228	12:50:51	a649b5fd-0c1b-45dd-9f1c-93e60fc3499f	undefined	/users	http://localhost:3000
20221228	12:51:05	42e09a4b-73ae-4ea5-9d7b-dc1af93bbb53	undefined	/users	http://localhost:3000
20221228	12:51:05	65b16056-d2b5-4bef-9e54-9dcf505ba5b0	undefined	/users	http://localhost:3000
20221228	12:56:29	1eab1c49-28db-40bd-8650-d56c72404fc8	undefined	/auth/refresh	http://localhost:3000
20221228	12:56:44	7b49f927-caca-4c44-8d34-52180993dbc0	undefined	/auth	http://localhost:3000
20221228	12:56:44	e2cddb3b-c542-49aa-a07a-b3e73e5579a5	undefined	/auth	http://localhost:3000
20221228	12:56:45	9fe8f757-0227-45f6-b87e-a02b47946063	undefined	/tasks	http://localhost:3000
20221228	12:56:45	ac56793a-de12-4f53-9532-aecf3e530783	undefined	/users	http://localhost:3000
20221228	12:56:45	0bef3640-88db-414a-8599-e609333833cb	undefined	/tasks	http://localhost:3000
20221228	12:56:45	f5dd2c92-96e2-467c-a9c9-dae3655bf6fc	undefined	/users	http://localhost:3000
20221228	14:22:46	8aeb8084-1937-4db4-b9b4-5d2766e6215e	undefined	/auth/refresh	http://localhost:3000
20221228	14:23:01	49205606-60aa-444d-be30-b89bfe7e9ccc	undefined	/auth/refresh	http://localhost:3000
20221228	14:25:03	874a110a-4e00-41f0-b49c-142368f29a47	undefined	/auth	https://marvelous-pony-e29d55.netlify.app
20221228	14:25:07	506fe2d6-2fe9-454f-9045-d33d6778720d	undefined	/auth	https://marvelous-pony-e29d55.netlify.app
20221228	16:26:06	a31e0204-efdf-4d80-981f-b1e1167ebab9	undefined	/auth/refresh	http://localhost:3000
20221228	16:30:52	e358f5e1-3034-47dd-be33-07a357449331	undefined	/auth	http://localhost:3000
20221228	16:30:52	868ddcd0-8edd-41fb-bbb6-c6f543b4c011	undefined	/auth	http://localhost:3000
20221228	16:30:52	730fa4cd-f7ab-499d-8a83-35fc1e67c386	undefined	/tasks	http://localhost:3000
20221228	16:30:52	30814911-633b-44a7-b31c-5c6c3342226f	undefined	/users	http://localhost:3000
20221228	16:30:52	7c3da503-c29d-47dd-8b79-8d4ce79d12ec	undefined	/tasks	http://localhost:3000
20221228	16:30:52	fda3318e-4580-4081-9769-c2992d3da770	undefined	/users	http://localhost:3000
20221228	16:31:45	4752a2f0-a733-4e76-882f-7857a3c40765	undefined	/auth/logout	http://localhost:3000
20221228	16:31:45	7a270e84-ac64-4cc9-a60a-bc6b1dcdff9f	undefined	/auth/logout	http://localhost:3000
20221228	16:32:05	f862d736-2fda-4345-8cf6-582c0da85754	undefined	/auth	http://localhost:3000
20221228	16:32:05	4e3cce4c-2f50-45dc-9917-459bcd189d2b	undefined	/auth	http://localhost:3000
20221228	16:32:05	152e7218-e158-4645-b888-21303815ff97	undefined	/tasks	http://localhost:3000
20221228	16:32:05	64a08123-66f7-4a39-afe2-24d6a82b0c53	undefined	/users	http://localhost:3000
20221228	16:32:05	6238f52b-380b-412a-bd80-cf2335ae14be	undefined	/tasks	http://localhost:3000
20221228	16:32:05	a513bdb1-5a59-45ad-b6a9-95c5bbf05ea0	undefined	/users	http://localhost:3000
20221228	16:58:42	5f29a165-d918-4895-9766-d85d9c4a5357	undefined	/auth/refresh	http://localhost:3000
20221228	16:59:15	6bf768e4-2c16-490f-a819-d8eb3a578f17	undefined	/auth	http://localhost:3000
20221228	16:59:15	26216128-b7ff-4f79-b37a-25bb6aea73ed	undefined	/auth	http://localhost:3000
20221228	16:59:15	602b9cb2-4fc0-4696-be9e-d45ba51464d0	undefined	/tasks	http://localhost:3000
20221228	16:59:15	4398e22e-0e4b-48af-b454-240644823173	undefined	/users	http://localhost:3000
20221228	16:59:15	f42828d0-ae1d-4234-b00a-9a183501ff89	undefined	/tasks	http://localhost:3000
20221228	16:59:15	7eec12cf-0cdc-4837-bed3-3e8c38051df4	undefined	/users	http://localhost:3000
20221228	17:00:11	6e95f887-d1e5-4d67-8484-4252d0f187bf	undefined	/users	http://localhost:3000
20221228	17:00:11	855c6318-fd84-4ad2-aee0-49e7ba24b59e	undefined	/users	http://localhost:3000
20221228	17:00:28	afe93a2e-d3a6-4b09-9fed-40988d7a9095	undefined	/tasks	http://localhost:3000
20221228	17:00:28	eadb522d-b190-40b2-8a1f-9091930ddb2d	undefined	/tasks	http://localhost:3000
20221228	17:00:50	70c061f5-028a-437b-ab79-26c34cb720b7	undefined	/tasks	http://localhost:3000
20221228	17:00:50	cbf0ebe7-3ec0-4ed8-8267-dc73a64dd4b1	undefined	/tasks	http://localhost:3000
20221228	17:00:53	209af4b5-90a3-4003-a22c-3c7eab062342	undefined	/users	http://localhost:3000
20221228	17:00:53	fff667e3-79f1-4152-afe4-86ed81cc0e22	undefined	/users	http://localhost:3000
20221228	17:00:59	01084978-b15c-46c5-976a-ac64c91c4dda	undefined	/users	http://localhost:3000
20221228	17:00:59	8e2a47f3-34b5-4ddc-bae3-a9abe510633a	undefined	/users	http://localhost:3000
20221228	17:01:28	3158ac19-05e6-4727-a2b4-3b70499b9794	undefined	/tasks	http://localhost:3000
20221228	17:01:28	d3efda2d-3f40-434b-9da4-8cf503e62905	undefined	/tasks	http://localhost:3000
20221228	17:01:43	3b3aba96-f65d-4aca-bb0f-b062fbc8d993	undefined	/tasks	http://localhost:3000
20221228	17:01:43	58fc6d85-d89d-45d9-b660-7e9c49f0ebd7	undefined	/tasks	http://localhost:3000
20221228	17:01:58	2db2b73a-9550-46d2-a30e-c8dbadbd48f0	undefined	/tasks	http://localhost:3000
20221228	17:01:58	d00da4d8-bc8e-49ba-a154-a91f18da4b49	undefined	/tasks	http://localhost:3000
20221228	17:02:13	2f272cbc-e02e-46ff-95e3-2eec5d58617d	undefined	/tasks	http://localhost:3000
20221228	17:02:13	e89c5a17-ee18-4f67-9d2d-6847bba3e75d	undefined	/tasks	http://localhost:3000
20221228	17:02:28	29b18fed-5e20-46ca-8df2-ef6b8b93e0c7	undefined	/tasks	http://localhost:3000
20221228	17:02:28	ff11fdbb-dd9d-4a3f-bd7b-797b74d4c29a	undefined	/tasks	http://localhost:3000
20221228	17:02:44	bf64cc72-8bed-4235-a5d0-31a3244ef9e7	undefined	/tasks	http://localhost:3000
20221228	17:02:44	576d4755-c7c0-4ec9-b1ff-c3a52422f0b8	undefined	/tasks	http://localhost:3000
20221228	17:02:59	3e029373-d312-4676-943e-60f0fdb15c25	undefined	/tasks	http://localhost:3000
20221228	17:02:59	7bf4c543-9c74-43dc-9427-431036ff52f5	undefined	/tasks	http://localhost:3000
20221228	17:03:10	55496a3a-05b4-461d-ae3e-009e535ba948	undefined	/tasks	http://localhost:3000
20221228	17:03:10	0690b98a-5fa9-452c-a8ef-6a91097abe8a	undefined	/tasks	http://localhost:3000
20221228	17:03:26	29191a85-54ea-41fe-a83c-99ea70cc04c6	undefined	/tasks	http://localhost:3000
20221228	17:03:26	01de601b-78b7-4b72-ab80-6cc658d8d4d7	undefined	/tasks	http://localhost:3000
20221228	17:03:42	c609376a-5141-4fe7-b7af-e3e793415163	undefined	/tasks	http://localhost:3000
20221228	17:03:42	95d8cac4-56f8-4b07-9b00-74724df239f1	undefined	/tasks	http://localhost:3000
20221228	17:03:58	7c13fcca-eeca-4863-aa93-3d7ee86c5ead	undefined	/tasks	http://localhost:3000
20221228	17:03:58	4d46ccd7-c749-49b6-baf2-74f3d1dd626f	undefined	/tasks	http://localhost:3000
20221228	17:04:03	83ba3ec2-ade5-4b0c-a1e9-c99f7f440b9a	undefined	/tasks	http://localhost:3000
20221228	17:04:12	168b19f9-d990-4865-a528-b700dc89739e	undefined	/tasks	http://localhost:3000
20221228	17:04:12	cd5b3b66-185d-42be-bec5-aa336f3c4926	undefined	/tasks	http://localhost:3000
20221228	17:04:12	3d9cd88c-9aab-42c4-8adb-04127605e889	undefined	/tasks	http://localhost:3000
20221228	17:04:12	808ac071-41c9-4929-9b9d-7dba7b2f41d4	undefined	/tasks	http://localhost:3000
20221228	17:04:55	c464e7e6-dafb-443f-a7c6-c462fc8c7914	undefined	/tasks	http://localhost:3000
20221228	17:04:55	d804a408-be92-4286-9e4a-9a56f8878278	undefined	/tasks	http://localhost:3000
20221228	17:04:55	6ede8ff5-c9be-429a-9c5f-753a7075cfa0	undefined	/tasks	http://localhost:3000
20221228	17:04:55	8be8622c-9a47-449d-bbc0-70f145d1e9bc	undefined	/tasks	http://localhost:3000
20221228	17:05:08	95312da1-645f-48bf-a2c3-9b6c40afb459	undefined	/tasks	http://localhost:3000
20221228	17:05:08	a448a759-d14a-411e-8226-eb77fdac5d09	undefined	/tasks	http://localhost:3000
20221228	17:05:13	7798c8f2-be94-46ed-ac39-9cf7ee395827	undefined	/tasks	http://localhost:3000
20221228	17:05:28	d37623a4-2dee-48dc-9e25-e91e4047c9a2	undefined	/tasks	http://localhost:3000
20221228	17:05:28	d9862208-69eb-4aa7-85ac-366225367ade	undefined	/tasks	http://localhost:3000
20221228	17:11:13	3a9b33f8-ebb4-41c1-9074-d62f19a94e69	undefined	/tasks	http://localhost:3000
20221228	17:11:13	470a0545-79d5-4cef-9c8e-d063ef375d32	undefined	/tasks	http://localhost:3000
20221228	17:11:18	2e1adc81-e65b-48b1-b2e0-4d42ef4a5335	undefined	/tasks	http://localhost:3000
20221228	17:11:18	e458310d-e203-4157-bb9f-f89c5dcb336d	undefined	/tasks	http://localhost:3000
20221228	17:11:21	21c37605-e14a-4293-b8ab-7ad15ba2ce58	undefined	/auth/logout	http://localhost:3000
20221228	17:11:21	976a5a61-06a4-41f3-b3f2-318e745430fb	undefined	/auth/logout	http://localhost:3000
20221228	17:11:37	a48b769d-6078-46f3-beac-efca499a590e	undefined	/auth	http://localhost:3000
20221228	17:11:37	7878aacb-9e14-48a4-9eba-ab8ededfec59	undefined	/auth	http://localhost:3000
20221228	17:11:37	d036c306-c4f8-4b61-8609-af9fda7c50dd	undefined	/tasks	http://localhost:3000
20221228	17:11:37	f52936d1-b648-4d2c-a17f-92dfc9d999bd	undefined	/users	http://localhost:3000
20221228	17:11:37	f9a88634-4849-4b6e-bdb8-8c7a37b35ef9	undefined	/tasks	http://localhost:3000
20221228	17:11:37	285af0f4-f23c-4aa9-b504-239712b5f87f	undefined	/users	http://localhost:3000
20221228	17:11:39	295c9266-95c4-4c3d-9497-f21d28e2b65c	undefined	/tasks	http://localhost:3000
20221228	17:11:54	ddd8c923-a982-4d1b-aa58-f36fe53e05f0	undefined	/tasks	http://localhost:3000
20221228	17:11:54	c9ec2efa-e09f-4174-9dde-cb81f9908472	undefined	/tasks	http://localhost:3000
20221228	17:12:09	857102de-ecd2-458a-8eb3-c285549653b0	undefined	/tasks	http://localhost:3000
20221228	17:12:09	c964094d-ec61-43ab-bb85-0c70dae34c62	undefined	/tasks	http://localhost:3000
20221228	17:12:24	ea1b2147-c992-4228-b9d4-01cdf743bf25	undefined	/tasks	http://localhost:3000
20221228	17:12:24	16a7b20f-e1e9-4daa-89db-8bfd4c9b2100	undefined	/tasks	http://localhost:3000
20221228	17:12:40	1d2526be-70f1-4ee8-a289-80bfc2480197	undefined	/tasks	http://localhost:3000
20221228	17:12:40	d7d7a113-6cda-416d-9f17-715bcdea2f29	undefined	/tasks	http://localhost:3000
20221228	17:12:47	e19d003b-3211-4250-b5b4-3b893b183aef	undefined	/tasks	http://localhost:3000
20221228	17:12:47	e2a13f92-8e12-4f57-bda3-3466929d772d	undefined	/tasks	http://localhost:3000
20221228	17:12:57	876ea58f-7f66-4810-8e5c-966f3e3fad3a	undefined	/tasks	http://localhost:3000
20221228	17:12:57	b1371c90-d3b1-426a-b7ac-6717b5db9cc1	undefined	/tasks	http://localhost:3000
20221228	17:13:09	b199ee00-ea26-4811-875d-7da651a3d2e7	undefined	/tasks	http://localhost:3000
20221228	17:13:09	f9d8227d-3a12-44a2-8b61-80b89054765f	undefined	/tasks	http://localhost:3000
20221228	17:13:24	6623036b-5df9-4426-8ad9-560f56dfa834	undefined	/tasks	http://localhost:3000
20221228	17:13:24	b1cbab70-92d4-4092-b16b-9ba579dd6b19	undefined	/tasks	http://localhost:3000
20221228	17:13:40	6162071d-1764-48d1-af91-59a0d0cc6de6	undefined	/tasks	http://localhost:3000
20221228	17:13:40	e0e0bae7-b5f8-4d2d-ad52-31d41d82823f	undefined	/tasks	http://localhost:3000
20221228	17:13:56	0da88e96-fb21-4160-82ce-4cec8892d392	undefined	/tasks	http://localhost:3000
20221228	17:13:56	f3356ae9-a72a-4f39-8fe2-e7c5df6faceb	undefined	/tasks	http://localhost:3000
20221228	17:14:12	7e5e6ce4-b284-4fdf-942c-620ffd8b9822	undefined	/tasks	http://localhost:3000
20221228	17:14:12	e86dd98d-6167-4749-9166-9201af1d05c6	undefined	/tasks	http://localhost:3000
20221228	17:14:28	9336440a-9a17-40fb-a13f-b04c202738e5	undefined	/tasks	http://localhost:3000
20221228	17:14:28	543c7098-a17b-49e2-be38-308a372592a6	undefined	/tasks	http://localhost:3000
20221228	17:14:44	f2fd2c1f-d3ab-4b5c-9aca-ca1c19864e96	undefined	/tasks	http://localhost:3000
20221228	17:14:44	eab936de-460d-42ab-a601-d9915fa5025b	undefined	/tasks	http://localhost:3000
20221228	17:15:00	e2e69a54-8aa7-4075-b1f9-b7fd71ec9853	undefined	/tasks	http://localhost:3000
20221228	17:15:00	da6cdfed-1086-4cb5-a7dd-edc105a59f4f	undefined	/tasks	http://localhost:3000
20221228	17:15:07	42a0af71-5f32-4220-8606-6f0482efa78a	undefined	/tasks	http://localhost:3000
20221228	17:15:07	ffb190fe-fb01-4afa-aace-85783eb5512e	undefined	/tasks	http://localhost:3000
20221228	17:15:22	3d52c583-7690-4a3c-be03-35f1c56873f4	undefined	/tasks	http://localhost:3000
20221228	17:15:22	a9cf15de-0a70-4301-a053-935e59ae3754	undefined	/tasks	http://localhost:3000
20221228	17:15:37	6c47681c-429c-4fc0-854e-5bda5f0b8859	undefined	/tasks	http://localhost:3000
20221228	17:15:37	2fb88bde-f9b9-420e-8ca0-2c7eb4f6a4a8	undefined	/tasks	http://localhost:3000
20221228	17:15:52	ee19bc29-e23c-4247-9235-4492b50d9155	undefined	/tasks	http://localhost:3000
20221228	17:15:52	ef44a356-5eed-416e-9f52-0e8e9213df29	undefined	/tasks	http://localhost:3000
20221228	17:16:08	e087303f-158b-495c-b4b2-2f967fd93d63	undefined	/tasks	http://localhost:3000
20221228	17:16:08	ed0ac5cd-990c-48bf-b520-f92764185955	undefined	/tasks	http://localhost:3000
20221228	17:16:24	38fdd0bb-be9c-4a75-ac2c-db59e5c0d3d9	undefined	/tasks	http://localhost:3000
20221228	17:16:24	ac623faf-13f7-45e7-aea6-9c5a718efeb9	undefined	/tasks	http://localhost:3000
20221228	17:16:40	ea1df85f-3369-41ba-ac00-5d87bc7c70e3	undefined	/tasks	http://localhost:3000
20221228	17:16:40	529b12e3-7ab8-4cd2-81d3-a3832dbc3e79	undefined	/tasks	http://localhost:3000
20221228	17:16:56	08cfb257-0a4f-43d4-aa5e-b1c8fe8d95e4	undefined	/tasks	http://localhost:3000
20221228	17:16:56	7fe5a811-d13b-4855-8ecf-ad98cd71410a	undefined	/tasks	http://localhost:3000
20221228	17:17:12	bedeb457-c449-44a5-bba8-c8c57575f91d	undefined	/tasks	http://localhost:3000
20221228	17:17:12	d58252ef-780c-4f88-86f5-4969ed33b4e0	undefined	/tasks	http://localhost:3000
20221228	17:17:28	7536c6d8-df95-4f45-bb43-9e49b97de6cd	undefined	/tasks	http://localhost:3000
20221228	17:17:28	c29e31e0-5d8c-4558-a2ee-33ea50cb125a	undefined	/tasks	http://localhost:3000
20221228	17:17:44	f1997682-1785-43dc-b42d-882aa7443554	undefined	/tasks	http://localhost:3000
20221228	17:17:44	cce2e173-d9cc-483d-bb97-92782e8cf384	undefined	/tasks	http://localhost:3000
20221228	17:18:00	0f6e24d7-0a12-448b-bb2f-1717cf17248a	undefined	/tasks	http://localhost:3000
20221228	17:18:00	cbbbb198-98e6-46b3-ba3b-f8ec02fcf16a	undefined	/tasks	http://localhost:3000
20221228	17:18:16	fd108dd1-e34a-484a-93bc-6a1e260c461e	undefined	/tasks	http://localhost:3000
20221228	17:18:16	1570d89c-a70a-41dc-926c-f8c473649fb9	undefined	/tasks	http://localhost:3000
20221228	17:18:32	91e80162-9093-4d59-8b9e-c09f3702d1a8	undefined	/tasks	http://localhost:3000
20221228	17:18:32	7e1b5e99-9c52-4a17-9c61-29832a21cc63	undefined	/tasks	http://localhost:3000
20221228	17:18:48	313cf7f1-46ca-4adb-90ad-dca102021028	undefined	/tasks	http://localhost:3000
20221228	17:18:48	5113a2e4-9c0b-42b5-9147-f7cffa905a39	undefined	/tasks	http://localhost:3000
20221228	17:19:04	837c4a24-94d3-4aca-b702-698bcecb75a8	undefined	/tasks	http://localhost:3000
20221228	17:19:04	dd59df8a-b177-4b93-8ccb-55a78d6408f7	undefined	/tasks	http://localhost:3000
20221228	17:19:20	86245742-c944-42b1-bdab-38d4326cd583	undefined	/tasks	http://localhost:3000
20221228	17:19:20	0ec771bd-b843-4322-a0e7-7b0d6695fa7e	undefined	/tasks	http://localhost:3000
20221228	17:19:36	705a5620-71b4-40f5-992a-e774f9ac019d	undefined	/tasks	http://localhost:3000
20221228	17:19:36	fe8c61bc-7064-4764-9187-688c1060fcd5	undefined	/tasks	http://localhost:3000
20221228	17:19:37	9851aff3-8b64-48f4-a56a-1efd4a8ddc75	undefined	/tasks	http://localhost:3000
20221228	17:19:39	54bf15e2-b6e9-4ca4-825a-0c00e67be664	undefined	/tasks	http://localhost:3000
20221228	17:19:40	bd2120b0-d014-4177-ac51-1d140b530de5	undefined	/auth/refresh	http://localhost:3000
20221228	17:19:53	a9f894c4-a12c-4a89-ae49-b9f3713e29f9	undefined	/auth/refresh	http://localhost:3000
20221228	17:19:55	13aa3bff-6f2d-4df7-b63b-6ca6cd9d0dc7	undefined	/auth/refresh	http://localhost:3000
20221228	17:20:34	4241906d-e5fe-4efc-8a88-997a375bdd29	undefined	/auth	http://localhost:3000
20221228	17:20:34	ae568ce4-c7e5-44ee-b146-4154257a9cf6	undefined	/auth	http://localhost:3000
20221228	17:20:35	31fa5dfa-b44e-4e77-b6e8-50d101da80dc	undefined	/tasks	http://localhost:3000
20221228	17:20:35	28d57c86-9c07-4080-969c-490f6df8936e	undefined	/users	http://localhost:3000
20221228	17:20:35	d912be18-afc3-4cd7-8af1-2ad87fd519af	undefined	/tasks	http://localhost:3000
20221228	17:20:35	766c0767-c46e-4fe5-bef6-2c173a07d8c5	undefined	/users	http://localhost:3000
20221228	17:38:49	f9442cc1-2bbc-4fad-9e1c-c94e1aa3ffe6	undefined	/auth/refresh	http://localhost:3000
20221228	17:39:02	f2b7b95b-88a8-40a7-b653-5c5320d37e5b	undefined	/auth	http://localhost:3000
20221228	17:39:02	812cde98-0d90-4db8-a794-19ab5a096cc8	undefined	/auth	http://localhost:3000
20221228	17:39:02	1ff085a7-2e80-4afa-9d96-15c7bf080a47	undefined	/tasks	http://localhost:3000
20221228	17:39:02	fd0786eb-2167-41ab-b56b-63b9f859e32c	undefined	/users	http://localhost:3000
20221228	17:39:02	c5359deb-e29c-4f89-8043-4a5246f3dce2	undefined	/tasks	http://localhost:3000
20221228	17:39:02	4a247258-8bcb-43a7-9b9b-6145fea990f2	undefined	/users	http://localhost:3000
20221228	17:39:12	fd3ed37d-8ce3-4df5-8d06-472711661374	undefined	/auth/refresh	http://localhost:3000
20221228	17:39:19	d0b3cd2a-a038-4341-95f8-cd98b491480e	undefined	/auth/refresh	http://localhost:3000
20221228	17:39:28	f71c78e8-9b80-4df3-9a17-be6a9f5ce6cd	undefined	/auth/refresh	http://localhost:3000
20221228	17:39:29	28c9a4f6-6160-4133-8305-e84ee1c72298	undefined	/auth/refresh	http://localhost:3000
20221228	17:39:30	9032e334-c348-428c-acea-fa2f12119033	undefined	/auth/refresh	http://localhost:3000
20221228	17:39:32	46ea51b1-ef54-492f-a030-23a365f982c4	undefined	/auth/refresh	http://localhost:3000
20221228	17:39:59	c0e06089-487a-4914-b70a-0002e3ec40b8	undefined	/auth	http://localhost:3000
20221228	17:39:59	15f4f542-07d8-4e36-af93-cb9f26fd41ed	undefined	/auth	http://localhost:3000
20221228	17:39:59	8a65aa74-2c19-4224-93e8-fe2b50201b8e	undefined	/tasks	http://localhost:3000
20221228	17:39:59	22f7e9af-1c34-473c-a03c-83e4f11dde21	undefined	/users	http://localhost:3000
20221228	17:39:59	87edae42-d7f2-41bf-834f-c565e0169df2	undefined	/tasks	http://localhost:3000
20221228	17:39:59	ddec990c-8b37-4c7d-a233-6218934cfbd2	undefined	/users	http://localhost:3000
20221228	17:40:37	6a305dc7-3cdd-4a2a-90ac-507012e57834	undefined	/auth/logout	http://localhost:3000
20221228	17:40:37	4bacd70f-522e-49eb-a2e8-ef4c46572fc9	undefined	/auth/logout	http://localhost:3000
20221228	17:41:32	fe53f413-097c-4684-ac25-a155f4667e6f	undefined	/auth/refresh	http://localhost:3000
20221228	17:44:42	fa20def9-e30d-4a21-8b7a-c7d9b06c6a92	undefined	/auth/refresh	http://localhost:3000
20221228	18:10:36	2975971a-2c30-42c5-a2af-4db7a3ccc1f0	undefined	/auth	http://localhost:3000
20221228	18:32:25	8ac39b06-592d-4319-8b70-95e0b074089f	undefined	/auth	http://localhost:3000
20221228	18:39:26	18c5f845-3250-4851-afa3-7718937ea5c9	undefined	/auth	http://localhost:3000
20221228	18:39:58	0516bc36-1a75-4eb4-ae7a-0d1136f8e21a	undefined	/auth	http://localhost:3000
20221228	18:42:46	cffd938c-575c-455f-b908-383fcc12560f	undefined	/auth	http://localhost:3000
20221228	18:48:42	457a456a-601b-45dd-8f6f-d2ed96053bae	undefined	/auth	http://localhost:3000
20221228	18:50:59	82a75733-5fe4-4ef0-aa98-7e76f00505cf	undefined	/auth	http://localhost:3000
20221228	18:57:17	5c620f82-048c-4deb-a1df-bb2028a3234a	undefined	/auth	http://localhost:3000
20221228	18:58:16	47042f48-bf58-439f-8517-5abb57b3b26f	undefined	/auth	http://localhost:3000
20221228	18:58:16	444f6650-89c3-4750-b4b3-e69415b5ba1e	undefined	/auth	http://localhost:3000
20221228	18:58:16	9f76b183-d22a-4ee5-93c4-ccba2c5f8ab0	undefined	/tasks	http://localhost:3000
20221228	18:58:16	8c94b44a-e785-4832-9c2f-9f334e50d614	undefined	/users	http://localhost:3000
20221228	18:58:16	b23cc1b7-3729-486c-87b4-e054ef7793f3	undefined	/tasks	http://localhost:3000
20221228	18:58:16	b5b349f7-9f41-4943-8079-eba033cfd31e	undefined	/users	http://localhost:3000
20221228	18:58:38	808e0b53-3b0e-45d6-9cff-c6b18f298365	undefined	/auth/logout	http://localhost:3000
20221228	18:58:38	9d9a4d45-b8cd-4200-a3e4-f0ce2a78fcbc	undefined	/auth/logout	http://localhost:3000
20221228	18:58:49	27080006-ad47-4f06-9042-8503ce3e145b	undefined	/auth	http://localhost:3000
20221228	18:58:49	88c7a00d-1751-4009-9682-3435e4bbdd73	undefined	/auth	http://localhost:3000
20221228	18:58:49	773acda5-edb0-4c7c-bb1f-7a9a2f59602a	undefined	/tasks	http://localhost:3000
20221228	18:58:49	3661bf86-1ebd-4b38-b4a4-f1dba396426f	undefined	/users	http://localhost:3000
20221228	18:58:49	c9beb6b7-2ad1-48a2-a5c0-d03308262b91	undefined	/tasks	http://localhost:3000
20221228	18:58:49	6d89aa97-18ca-4007-bda6-7abd65f7bba6	undefined	/users	http://localhost:3000
20221228	18:58:52	0da9f609-6519-4cc6-931c-60615eee6504	undefined	/tasks	http://localhost:3000
20221228	18:59:33	2c39a753-8a75-489b-9739-85e20ca400f0	undefined	/auth/logout	http://localhost:3000
20221228	18:59:33	94deaca0-5b86-448c-aba8-ad0933ff2ce1	undefined	/auth/logout	http://localhost:3000
20221228	18:59:44	aae9b9ed-3a3e-4e30-8060-e55c2a664cf6	undefined	/auth	http://localhost:3000
20221228	18:59:44	4315a825-d6e8-4fa0-aa96-08fefc7c7cbd	undefined	/auth	http://localhost:3000
20221228	19:00:04	546c0d06-5383-4c80-8c85-e88ef379ee9a	undefined	/auth	http://localhost:3000
20221228	19:00:04	e2f43134-80fd-4ad5-8a8d-9eb32fa1b533	undefined	/auth	http://localhost:3000
20221228	19:01:21	4e540590-144f-4f77-a1ae-ba797c55e8b0	undefined	/auth	http://localhost:3000
20221228	19:01:21	dba4b25a-9820-46d9-9530-dcf1d2df11fb	undefined	/auth	http://localhost:3000
20221228	19:01:21	65ae6e20-e893-4215-9ebf-eb70c2479292	undefined	/tasks	http://localhost:3000
20221228	19:01:21	12f5b00b-b12b-4250-8409-1ce4cf80215c	undefined	/users	http://localhost:3000
20221228	19:01:21	2334a8d8-4c8a-49bf-9e77-611a83057aaf	undefined	/tasks	http://localhost:3000
20221228	19:01:21	770eebd4-84f4-45f3-bd89-9ec9a2577063	undefined	/users	http://localhost:3000
20221228	19:01:25	e7430c70-be41-427f-9b90-e0ea0625d19f	undefined	/tasks	http://localhost:3000
20221228	19:03:19	f865823c-2be1-454c-bb80-0ed9bd4648b7	undefined	/tasks	http://localhost:3000
20221228	19:03:19	38fe029c-43f3-4239-9cb7-4788b4fa7e69	undefined	/tasks	http://localhost:3000
20221228	19:03:19	18b0c73d-3aed-4c60-ae1e-2083766fae14	undefined	/tasks	http://localhost:3000
20221228	19:03:19	ff4d60cf-2987-4024-b864-b18cf3f5f053	undefined	/tasks	http://localhost:3000
20221228	19:14:53	c9bc2da2-00df-45f2-a59d-61f15a1c93dc	undefined	/tasks	http://localhost:3000
20221228	19:14:53	05d55698-bc23-48ef-92d5-f92ef0e57c36	undefined	/tasks	http://localhost:3000
20221228	19:14:53	bc1e8709-70b5-49db-a212-5d9f27ff9519	undefined	/tasks	http://localhost:3000
20221228	19:14:53	eab0ad1f-cf30-4698-8b91-17951f0c7448	undefined	/tasks	http://localhost:3000
20221228	19:22:08	7c5b1b8b-10ee-4cfd-8638-7db955bdc517	undefined	/auth/refresh	http://localhost:3000
